TN:
SF:D:\mychessNew\server\src\config.ts
FNF:0
FNH:0
DA:11,32
LF:1
LH:1
BRF:0
BRH:0
end_of_record
TN:
SF:D:\mychessNew\server\src\auth\auth.controller.ts
FN:31,(anonymous_4)
FN:43,(anonymous_5)
FN:61,(anonymous_6)
FN:81,(anonymous_7)
FN:94,(anonymous_8)
FN:104,(anonymous_9)
FN:144,(anonymous_10)
FN:183,(anonymous_11)
FN:197,(anonymous_12)
FN:203,(anonymous_13)
FN:210,(anonymous_14)
FN:216,(anonymous_15)
FN:223,(anonymous_16)
FN:229,(anonymous_17)
FNF:14
FNH:14
FNDA:32,(anonymous_4)
FNDA:3,(anonymous_5)
FNDA:3,(anonymous_6)
FNDA:2,(anonymous_7)
FNDA:1,(anonymous_8)
FNDA:5,(anonymous_9)
FNDA:5,(anonymous_10)
FNDA:3,(anonymous_11)
FNDA:1,(anonymous_12)
FNDA:1,(anonymous_13)
FNDA:1,(anonymous_14)
FNDA:1,(anonymous_15)
FNDA:1,(anonymous_16)
FNDA:1,(anonymous_17)
DA:1,32
DA:2,32
DA:6,32
DA:7,32
DA:8,32
DA:9,32
DA:10,32
DA:13,32
DA:16,32
DA:17,32
DA:20,32
DA:21,32
DA:22,32
DA:23,32
DA:26,32
DA:27,32
DA:30,32
DA:32,32
DA:33,32
DA:34,32
DA:35,32
DA:36,32
DA:43,32
DA:45,3
DA:46,3
DA:47,1
DA:50,2
DA:51,2
DA:52,1
DA:55,1
DA:56,1
DA:61,32
DA:63,3
DA:64,3
DA:67,2
DA:68,2
DA:69,2
DA:70,2
DA:71,2
DA:72,2
DA:75,2
DA:76,2
DA:81,32
DA:83,2
DA:84,2
DA:87,1
DA:89,1
DA:94,32
DA:96,1
DA:98,1
DA:104,32
DA:106,5
DA:107,5
DA:112,5
DA:113,1
DA:119,4
DA:120,4
DA:123,3
DA:128,3
DA:129,1
DA:135,2
DA:136,2
DA:137,2
DA:139,1
DA:144,32
DA:146,5
DA:147,5
DA:152,5
DA:153,1
DA:159,4
DA:160,4
DA:163,3
DA:168,3
DA:169,1
DA:175,2
DA:176,2
DA:177,2
DA:179,1
DA:183,32
DA:185,3
DA:188,2
DA:189,2
DA:191,1
DA:197,32
DA:203,32
DA:204,1
DA:205,1
DA:210,32
DA:216,32
DA:217,1
DA:218,1
DA:223,32
DA:229,32
DA:230,1
DA:231,1
LF:95
LH:95
BRDA:46,0,0,1
BRDA:46,0,1,2
BRDA:51,1,0,1
BRDA:51,1,1,1
BRDA:64,2,0,1
BRDA:64,2,1,2
BRDA:84,3,0,1
BRDA:84,3,1,1
BRDA:112,4,0,1
BRDA:112,4,1,4
BRDA:120,5,0,1
BRDA:120,5,1,3
BRDA:128,6,0,1
BRDA:128,6,1,2
BRDA:137,7,0,1
BRDA:137,7,1,1
BRDA:152,8,0,1
BRDA:152,8,1,4
BRDA:160,9,0,1
BRDA:160,9,1,3
BRDA:168,10,0,1
BRDA:168,10,1,2
BRDA:177,11,0,1
BRDA:177,11,1,1
BRDA:185,12,0,1
BRDA:185,12,1,2
BRDA:189,13,0,1
BRDA:189,13,1,1
BRF:28
BRH:28
end_of_record
TN:
SF:D:\mychessNew\server\src\auth\auth.guard.ts
FN:16,(anonymous_2)
FN:18,(anonymous_3)
FN:24,(anonymous_4)
FN:34,(anonymous_5)
FNF:4
FNH:4
FNDA:162,(anonymous_2)
FNDA:4,(anonymous_3)
FNDA:120,(anonymous_4)
FNDA:124,(anonymous_5)
DA:1,32
DA:3,32
DA:6,32
DA:9,32
DA:12,32
DA:15,32
DA:16,162
DA:19,4
DA:20,4
DA:21,4
DA:25,120
DA:26,120
DA:27,2
DA:28,2
DA:30,118
DA:31,118
DA:35,124
DA:36,124
DA:37,124
DA:40,124
DA:41,124
DA:44,124
DA:45,3
DA:46,3
DA:50,121
DA:51,3
DA:52,3
DA:53,1
DA:54,118
DA:56,119
DA:57,1
DA:58,1
DA:62,117
DA:63,1
DA:64,1
DA:67,116
LF:36
LH:36
BRDA:26,0,0,2
BRDA:26,0,1,118
BRDA:40,1,0,124
BRDA:40,1,1,3
BRDA:41,2,0,124
BRDA:41,2,1,121
BRDA:44,3,0,3
BRDA:44,3,1,121
BRDA:50,4,0,3
BRDA:50,4,1,118
BRDA:52,5,0,2
BRDA:52,5,1,1
BRDA:56,6,0,1
BRDA:56,6,1,117
BRDA:62,7,0,1
BRDA:62,7,1,116
BRDA:62,8,0,117
BRDA:62,8,1,8
BRF:18
BRH:18
end_of_record
TN:
SF:D:\mychessNew\server\src\auth\auth.module.ts
FN:37,(anonymous_1)
FNF:1
FNH:1
FNDA:32,(anonymous_1)
DA:1,32
DA:2,32
DA:3,32
DA:6,32
DA:9,32
DA:12,32
DA:13,32
DA:14,32
DA:15,32
DA:16,32
DA:19,32
DA:22,32
DA:25,32
DA:38,32
DA:44,32
LF:15
LH:15
BRF:0
BRH:0
end_of_record
TN:
SF:D:\mychessNew\server\src\auth\auth.service.ts
FN:22,(anonymous_2)
FN:31,(anonymous_3)
FN:38,(anonymous_4)
FN:53,(anonymous_5)
FN:64,(anonymous_6)
FN:73,(anonymous_7)
FN:80,(anonymous_8)
FN:97,(anonymous_9)
FN:104,(anonymous_10)
FN:110,(anonymous_11)
FN:118,(anonymous_12)
FN:126,(anonymous_13)
FN:130,(anonymous_14)
FN:136,(anonymous_15)
FNF:14
FNH:14
FNDA:32,(anonymous_2)
FNDA:15,(anonymous_3)
FNDA:3,(anonymous_4)
FNDA:321,(anonymous_5)
FNDA:326,(anonymous_6)
FNDA:202,(anonymous_7)
FNDA:123,(anonymous_8)
FNDA:124,(anonymous_9)
FNDA:1,(anonymous_10)
FNDA:326,(anonymous_11)
FNDA:123,(anonymous_12)
FNDA:8,(anonymous_13)
FNDA:6,(anonymous_14)
FNDA:24,(anonymous_15)
DA:1,32
DA:2,32
DA:3,32
DA:4,32
DA:7,32
DA:11,32
DA:14,32
DA:15,32
DA:18,32
DA:21,32
DA:23,32
DA:24,32
DA:25,32
DA:26,32
DA:32,15
DA:34,15
DA:35,15
DA:39,3
DA:41,3
DA:42,3
DA:43,2
DA:44,2
DA:45,1
DA:46,1
DA:48,2
DA:54,321
DA:55,321
DA:56,321
DA:57,321
DA:58,321
DA:59,321
DA:61,321
DA:65,326
DA:66,326
DA:67,326
DA:69,326
DA:70,326
DA:74,202
DA:76,202
DA:77,202
DA:81,123
DA:82,123
DA:84,120
DA:85,120
DA:86,1
DA:87,1
DA:88,1
DA:89,1
DA:90,1
DA:91,1
DA:94,119
DA:98,124
DA:99,124
DA:101,120
DA:105,1
DA:111,326
DA:112,326
DA:114,0
DA:119,123
DA:120,123
DA:122,1
DA:127,8
DA:131,6
DA:137,24
LF:64
LH:63
BRDA:32,0,0,9
BRDA:32,0,1,6
BRDA:32,1,0,9
BRDA:32,1,1,6
BRDA:42,2,0,2
BRDA:42,2,1,1
BRDA:44,3,0,1
BRDA:44,3,1,1
BRDA:66,4,0,0
BRDA:66,4,1,326
BRDA:82,5,0,3
BRDA:82,5,1,120
BRDA:85,6,0,1
BRDA:85,6,1,119
BRDA:88,7,0,0
BRDA:88,7,1,1
BRDA:99,8,0,4
BRDA:99,8,1,120
BRDA:138,9,0,24
BRDA:138,9,1,1
BRDA:138,9,2,23
BRDA:138,9,3,2
BRDA:138,9,4,1
BRDA:139,10,0,1
BRDA:139,10,1,22
BRDA:139,11,0,23
BRDA:139,11,1,23
BRDA:140,12,0,1
BRDA:140,12,1,1
BRDA:140,13,0,2
BRDA:140,13,1,2
BRDA:141,14,0,0
BRDA:141,14,1,1
BRDA:141,15,0,1
BRDA:141,15,1,1
BRDA:141,16,0,0
BRDA:141,16,1,1
BRDA:141,17,0,1
BRDA:141,17,1,1
BRF:39
BRH:35
end_of_record
TN:
SF:D:\mychessNew\server\src\auth\authSocket.guard.ts
FN:16,(anonymous_2)
FN:18,(anonymous_3)
FN:24,(anonymous_4)
FNF:3
FNH:3
FNDA:164,(anonymous_2)
FNDA:31,(anonymous_3)
FNDA:31,(anonymous_4)
DA:1,32
DA:3,32
DA:5,32
DA:8,32
DA:15,32
DA:16,164
DA:19,31
DA:20,31
DA:21,31
DA:25,31
DA:26,31
DA:29,30
DA:30,30
DA:33,29
DA:34,29
DA:35,28
DA:41,28
LF:17
LH:17
BRDA:20,0,0,30
BRDA:20,0,1,1
BRDA:26,1,0,1
BRDA:26,1,1,30
BRDA:29,2,0,30
BRDA:29,2,1,1
BRDA:30,3,0,1
BRDA:30,3,1,29
BRDA:34,4,0,1
BRDA:34,4,1,28
BRDA:36,5,0,0
BRDA:36,5,1,28
BRDA:36,6,0,28
BRDA:36,6,1,0
BRDA:36,7,0,28
BRDA:36,7,1,28
BRDA:36,8,0,0
BRDA:36,8,1,28
BRDA:36,9,0,28
BRDA:36,9,1,28
BRF:20
BRH:17
end_of_record
TN:
SF:D:\mychessNew\server\src\auth\roles.decorator.ts
FN:6,(anonymous_0)
FNF:1
FNH:1
FNDA:96,(anonymous_0)
DA:1,32
DA:6,96
LF:2
LH:2
BRF:0
BRH:0
end_of_record
TN:
SF:D:\mychessNew\server\src\auth\dto\loginUser.dto.ts
FNF:0
FNH:0
DA:1,32
DA:7,32
DA:10,32
DA:12,32
DA:14,32
DA:19,32
LF:6
LH:6
BRF:0
BRH:0
end_of_record
TN:
SF:D:\mychessNew\server\src\auth\dto\otpSms.dto.ts
FNF:0
FNH:0
DA:1,32
DA:7,32
DA:10,32
DA:12,32
DA:14,32
DA:18,32
LF:6
LH:6
BRF:0
BRH:0
end_of_record
TN:
SF:D:\mychessNew\server\src\auth\dto\registerUser.dto.ts
FNF:0
FNH:0
DA:1,32
DA:7,32
DA:10,32
DA:12,32
DA:13,32
DA:20,32
LF:6
LH:6
BRF:0
BRH:0
end_of_record
TN:
SF:D:\mychessNew\server\src\auth\entities\re-token.entity.ts
FNF:0
FNH:0
DA:1,32
DA:4,32
DA:6,32
DA:9,32
DA:12,32
LF:5
LH:5
BRF:0
BRH:0
end_of_record
TN:
SF:D:\mychessNew\server\src\auth\entities\re-token.repository.ts
FNF:0
FNH:0
DA:1,32
DA:4,32
DA:6,32
DA:9,32
LF:4
LH:4
BRF:0
BRH:0
end_of_record
TN:
SF:D:\mychessNew\server\src\auth\passport\facebook.strategy.ts
FN:13,(anonymous_2)
FN:20,(anonymous_3)
FNF:2
FNH:2
FNDA:33,(anonymous_2)
FNDA:4,(anonymous_3)
DA:1,32
DA:2,32
DA:3,32
DA:6,32
DA:9,32
DA:12,32
DA:13,33
DA:14,33
DA:21,4
DA:22,4
DA:23,4
DA:24,3
DA:25,3
DA:26,3
DA:27,3
DA:29,3
DA:31,1
LF:17
LH:17
BRDA:23,0,0,3
BRDA:23,0,1,1
BRF:2
BRH:2
end_of_record
TN:
SF:D:\mychessNew\server\src\auth\passport\github.strategy.ts
FN:13,(anonymous_2)
FN:21,(anonymous_3)
FNF:2
FNH:2
FNDA:33,(anonymous_2)
FNDA:4,(anonymous_3)
DA:1,32
DA:2,32
DA:3,32
DA:6,32
DA:9,32
DA:12,32
DA:13,33
DA:14,33
DA:22,4
DA:23,4
DA:24,4
DA:25,3
DA:26,3
DA:27,3
DA:28,3
DA:29,2
DA:31,3
DA:33,1
LF:18
LH:18
BRDA:24,0,0,3
BRDA:24,0,1,1
BRF:2
BRH:2
end_of_record
TN:
SF:D:\mychessNew\server\src\auth\passport\google.strategy.ts
FN:13,(anonymous_2)
FN:22,(anonymous_3)
FNF:2
FNH:2
FNDA:33,(anonymous_2)
FNDA:4,(anonymous_3)
DA:1,32
DA:2,32
DA:3,32
DA:6,32
DA:9,32
DA:12,32
DA:13,33
DA:14,33
DA:23,4
DA:24,4
DA:25,4
DA:26,3
DA:27,3
DA:28,3
DA:29,3
DA:30,2
DA:31,2
DA:33,3
DA:35,1
LF:19
LH:19
BRDA:25,0,0,3
BRDA:25,0,1,1
BRF:2
BRH:2
end_of_record
TN:
SF:D:\mychessNew\server\src\chat\chat.controller.ts
FN:24,(anonymous_4)
FN:26,(anonymous_5)
FN:27,(anonymous_6)
FN:30,(anonymous_7)
FN:37,(anonymous_8)
FN:46,(anonymous_9)
FN:57,(anonymous_10)
FN:69,(anonymous_11)
FNF:8
FNH:8
FNDA:32,(anonymous_4)
FNDA:6,(anonymous_5)
FNDA:6,(anonymous_6)
FNDA:7,(anonymous_7)
FNDA:1,(anonymous_8)
FNDA:2,(anonymous_9)
FNDA:3,(anonymous_10)
FNDA:2,(anonymous_11)
DA:1,32
DA:5,32
DA:6,32
DA:7,32
DA:13,32
DA:16,32
DA:17,32
DA:20,32
DA:23,32
DA:24,32
DA:27,6
DA:31,7
DA:32,7
DA:33,6
DA:37,32
DA:38,1
DA:40,1
DA:46,32
DA:47,2
DA:48,2
DA:49,2
DA:51,2
DA:57,32
DA:58,3
DA:60,2
DA:61,2
DA:62,1
DA:63,1
DA:64,1
DA:69,32
DA:70,2
DA:72,2
DA:73,2
DA:74,1
DA:76,1
LF:35
LH:35
BRDA:32,0,0,1
BRDA:32,0,1,6
BRDA:49,1,0,1
BRDA:49,1,1,1
BRDA:61,2,0,1
BRDA:61,2,1,1
BRDA:73,3,0,1
BRDA:73,3,1,1
BRF:8
BRH:8
end_of_record
TN:
SF:D:\mychessNew\server\src\chat\chat.gateway.ts
FN:24,(anonymous_4)
FN:28,(anonymous_5)
FN:30,(anonymous_6)
FN:35,(anonymous_7)
FN:36,(anonymous_8)
FN:41,(anonymous_9)
FN:50,(anonymous_10)
FN:60,(anonymous_11)
FNF:8
FNH:8
FNDA:32,(anonymous_4)
FNDA:3,(anonymous_5)
FNDA:1,(anonymous_6)
FNDA:3,(anonymous_7)
FNDA:3,(anonymous_8)
FNDA:4,(anonymous_9)
FNDA:1,(anonymous_10)
FNDA:3,(anonymous_11)
DA:1,32
DA:2,32
DA:3,32
DA:6,32
DA:7,32
DA:10,32
DA:13,32
DA:19,32
DA:20,32
DA:23,32
DA:24,32
DA:26,32
DA:28,32
DA:31,1
DA:32,1
DA:36,3
DA:37,3
DA:38,2
DA:42,4
DA:43,4
DA:45,3
DA:50,32
DA:51,1
DA:52,1
DA:54,1
DA:55,1
DA:60,32
DA:61,3
DA:62,2
DA:64,1
LF:30
LH:30
BRDA:37,0,0,1
BRDA:37,0,1,2
BRDA:43,1,0,1
BRDA:43,1,1,3
BRF:4
BRH:4
end_of_record
TN:
SF:D:\mychessNew\server\src\chat\chat.module.ts
FNF:0
FNH:0
DA:1,32
DA:2,32
DA:5,32
DA:8,32
DA:11,32
DA:14,32
DA:15,32
DA:18,32
DA:19,32
DA:27,32
LF:10
LH:10
BRF:0
BRH:0
end_of_record
TN:
SF:D:\mychessNew\server\src\chat\chat.service.ts
FN:17,(anonymous_2)
FN:23,(anonymous_3)
FN:37,(anonymous_4)
FN:48,(anonymous_5)
FN:54,(anonymous_6)
FN:70,(anonymous_7)
FN:75,(anonymous_8)
FN:86,(anonymous_9)
FNF:8
FNH:8
FNDA:32,(anonymous_2)
FNDA:325,(anonymous_3)
FNDA:250,(anonymous_4)
FNDA:549,(anonymous_5)
FNDA:254,(anonymous_6)
FNDA:36,(anonymous_7)
FNDA:37,(anonymous_8)
FNDA:10,(anonymous_9)
DA:1,32
DA:2,32
DA:5,32
DA:8,32
DA:9,32
DA:12,32
DA:14,32
DA:16,32
DA:18,32
DA:19,32
DA:20,32
DA:24,325
DA:25,325
DA:27,325
DA:28,7
DA:29,7
DA:30,1
DA:32,1
DA:34,318
DA:38,250
DA:39,250
DA:40,250
DA:41,250
DA:42,250
DA:43,250
DA:45,250
DA:49,549
DA:51,549
DA:55,254
DA:56,254
DA:57,253
DA:66,253
DA:71,36
DA:72,36
DA:76,37
DA:77,37
DA:78,36
DA:79,36
DA:80,36
DA:81,36
DA:82,36
DA:87,10
DA:88,10
DA:89,9
DA:90,9
DA:91,9
LF:46
LH:46
BRDA:27,0,0,7
BRDA:27,0,1,318
BRDA:29,1,0,6
BRDA:29,1,1,1
BRDA:56,2,0,253
BRDA:56,2,1,1
BRDA:77,3,0,36
BRDA:77,3,1,1
BRDA:88,4,0,9
BRDA:88,4,1,1
BRF:10
BRH:10
end_of_record
TN:
SF:D:\mychessNew\server\src\chat\chatGateway.action.ts
FN:1,(anonymous_0)
FNF:1
FNH:1
FNDA:32,(anonymous_0)
DA:1,32
DA:2,32
DA:3,32
LF:3
LH:3
BRDA:1,0,0,32
BRDA:1,0,1,32
BRF:2
BRH:2
end_of_record
TN:
SF:D:\mychessNew\server\src\chat\dto\roomIdChatDto.ts
FNF:0
FNH:0
DA:1,32
DA:2,32
DA:3,32
DA:6,32
DA:8,32
DA:12,32
LF:6
LH:6
BRF:0
BRH:0
end_of_record
TN:
SF:D:\mychessNew\server\src\chat\dto\sendMessageDto.ts
FNF:0
FNH:0
DA:2,32
DA:3,32
DA:4,32
DA:5,32
DA:8,32
DA:9,32
DA:11,32
DA:15,32
LF:8
LH:8
BRF:0
BRH:0
end_of_record
TN:
SF:D:\mychessNew\server\src\chat\entities\chat.entity.ts
FN:22,(anonymous_2)
FN:15,(anonymous_3)
FN:15,(anonymous_4)
FN:18,(anonymous_5)
FNF:4
FNH:4
FNDA:287,(anonymous_2)
FNDA:32,(anonymous_3)
FNDA:32,(anonymous_4)
FNDA:32,(anonymous_5)
DA:1,32
DA:4,32
DA:5,32
DA:8,32
DA:10,32
DA:13,32
DA:15,32
DA:16,32
DA:18,32
DA:20,32
DA:23,287
LF:11
LH:11
BRF:0
BRH:0
end_of_record
TN:
SF:D:\mychessNew\server\src\chat\entities\chat.repository.ts
FN:11,(anonymous_1)
FNF:1
FNH:1
FNDA:8,(anonymous_1)
DA:1,32
DA:4,32
DA:7,32
DA:10,32
DA:12,8
LF:5
LH:5
BRF:0
BRH:0
end_of_record
TN:
SF:D:\mychessNew\server\src\chat\entities\message.entity.ts
FN:23,(anonymous_2)
FN:17,(anonymous_3)
FN:17,(anonymous_4)
FNF:3
FNH:3
FNDA:44,(anonymous_2)
FNDA:32,(anonymous_3)
FNDA:32,(anonymous_4)
DA:1,32
DA:4,32
DA:7,32
DA:9,32
DA:12,32
DA:15,32
DA:17,32
DA:18,32
DA:21,32
DA:24,44
DA:25,44
DA:26,44
LF:12
LH:12
BRF:0
BRH:0
end_of_record
TN:
SF:D:\mychessNew\server\src\chat\entities\message.repository.ts
FNF:0
FNH:0
DA:1,32
DA:2,32
DA:3,32
DA:6,32
LF:4
LH:4
BRF:0
BRH:0
end_of_record
TN:
SF:D:\mychessNew\server\src\chess\chess.controller.ts
FN:32,(anonymous_4)
FN:39,(anonymous_5)
FN:44,(anonymous_6)
FN:49,(anonymous_7)
FN:55,(anonymous_8)
FN:63,(anonymous_9)
FN:71,(anonymous_10)
FN:83,(anonymous_11)
FN:95,(anonymous_12)
FN:104,(anonymous_13)
FN:118,(anonymous_14)
FN:133,(anonymous_15)
FN:146,(anonymous_16)
FN:160,(anonymous_17)
FN:176,(anonymous_18)
FN:197,(anonymous_19)
FN:222,(anonymous_20)
FN:245,(anonymous_21)
FN:259,(anonymous_22)
FN:273,(anonymous_23)
FN:280,(anonymous_24)
FN:293,(anonymous_25)
FNF:22
FNH:22
FNDA:32,(anonymous_4)
FNDA:6,(anonymous_5)
FNDA:24,(anonymous_6)
FNDA:42,(anonymous_7)
FNDA:31,(anonymous_8)
FNDA:1,(anonymous_9)
FNDA:1,(anonymous_10)
FNDA:3,(anonymous_11)
FNDA:1,(anonymous_12)
FNDA:3,(anonymous_13)
FNDA:4,(anonymous_14)
FNDA:3,(anonymous_15)
FNDA:1,(anonymous_16)
FNDA:5,(anonymous_17)
FNDA:9,(anonymous_18)
FNDA:8,(anonymous_19)
FNDA:6,(anonymous_20)
FNDA:1,(anonymous_21)
FNDA:2,(anonymous_22)
FNDA:4,(anonymous_23)
FNDA:6,(anonymous_24)
FNDA:2,(anonymous_25)
DA:1,32
DA:5,32
DA:6,32
DA:7,32
DA:8,32
DA:11,32
DA:14,32
DA:18,32
DA:19,32
DA:20,32
DA:21,32
DA:22,32
DA:25,32
DA:28,32
DA:31,32
DA:33,32
DA:34,32
DA:35,32
DA:36,32
DA:40,6
DA:41,1
DA:45,24
DA:46,5
DA:50,42
DA:51,42
DA:52,41
DA:56,31
DA:57,31
DA:58,30
DA:63,32
DA:64,1
DA:66,1
DA:71,32
DA:72,1
DA:73,1
DA:74,1
DA:75,1
DA:76,1
DA:78,1
DA:83,32
DA:84,3
DA:85,3
DA:86,2
DA:87,2
DA:88,2
DA:90,2
DA:95,32
DA:96,1
DA:98,1
DA:104,32
DA:105,3
DA:106,3
DA:107,1
DA:109,2
DA:110,2
DA:112,2
DA:118,32
DA:119,4
DA:120,4
DA:121,3
DA:123,2
DA:124,2
DA:126,1
DA:127,1
DA:133,32
DA:134,3
DA:135,2
DA:137,2
DA:139,2
DA:140,2
DA:146,32
DA:147,1
DA:148,1
DA:149,1
DA:151,1
DA:153,1
DA:154,1
DA:160,32
DA:161,5
DA:162,5
DA:163,4
DA:165,4
DA:166,2
DA:168,2
DA:170,2
DA:176,32
DA:177,9
DA:178,9
DA:179,8
DA:180,8
DA:182,8
DA:183,2
DA:185,6
DA:189,6
DA:194,6
DA:196,6
DA:198,8
DA:203,6
DA:205,5
DA:206,5
DA:209,4
DA:211,4
DA:213,4
DA:215,4
DA:216,4
DA:222,32
DA:223,6
DA:224,6
DA:225,5
DA:226,5
DA:228,5
DA:229,1
DA:231,4
DA:232,1
DA:234,3
DA:236,3
DA:238,3
DA:239,3
DA:245,32
DA:246,1
DA:247,1
DA:248,1
DA:250,1
DA:252,1
DA:253,1
DA:259,32
DA:260,2
DA:261,2
DA:262,1
DA:264,1
DA:266,1
DA:267,1
DA:273,32
DA:274,4
DA:275,4
DA:277,4
DA:278,1
DA:280,6
DA:282,3
DA:283,1
DA:285,2
DA:287,2
DA:288,2
DA:293,32
DA:294,2
DA:295,2
DA:296,2
DA:298,1
DA:300,1
DA:301,1
LF:150
LH:150
BRDA:40,0,0,1
BRDA:40,0,1,5
BRDA:45,1,0,5
BRDA:45,1,1,19
BRDA:51,2,0,1
BRDA:51,2,1,41
BRDA:57,3,0,1
BRDA:57,3,1,30
BRDA:85,4,0,1
BRDA:85,4,1,2
BRDA:88,5,0,2
BRDA:88,5,1,0
BRDA:106,6,0,1
BRDA:106,6,1,2
BRDA:110,7,0,1
BRDA:110,7,1,1
BRDA:110,8,0,2
BRDA:110,8,1,1
BRDA:124,9,0,1
BRDA:124,9,1,1
BRDA:165,10,0,2
BRDA:165,10,1,2
BRDA:180,11,0,7
BRDA:180,11,1,1
BRDA:182,12,0,2
BRDA:182,12,1,6
BRDA:198,13,0,8
BRDA:198,13,1,8
BRDA:198,13,2,5
BRDA:198,13,3,5
BRDA:203,14,0,1
BRDA:203,14,1,5
BRDA:206,15,0,1
BRDA:206,15,1,4
BRDA:209,16,0,2
BRDA:209,16,1,2
BRDA:213,17,0,1
BRDA:213,17,1,3
BRDA:213,18,0,4
BRDA:213,18,1,1
BRDA:226,19,0,4
BRDA:226,19,1,1
BRDA:228,20,0,1
BRDA:228,20,1,4
BRDA:231,21,0,1
BRDA:231,21,1,3
BRDA:277,22,0,1
BRDA:277,22,1,3
BRDA:282,23,0,1
BRDA:282,23,1,2
BRF:50
BRH:49
end_of_record
TN:
SF:D:\mychessNew\server\src\chess\chess.gateway.ts
FN:25,(anonymous_4)
FN:30,(anonymous_5)
FN:32,(anonymous_6)
FN:37,(anonymous_7)
FN:44,(anonymous_8)
FN:49,(anonymous_9)
FN:56,(anonymous_10)
FN:67,(anonymous_11)
FN:73,(anonymous_12)
FN:85,(anonymous_13)
FN:99,(anonymous_14)
FNF:11
FNH:11
FNDA:32,(anonymous_4)
FNDA:26,(anonymous_5)
FNDA:17,(anonymous_6)
FNDA:8,(anonymous_7)
FNDA:2,(anonymous_8)
FNDA:1,(anonymous_9)
FNDA:2,(anonymous_10)
FNDA:2,(anonymous_11)
FNDA:2,(anonymous_12)
FNDA:4,(anonymous_13)
FNDA:15,(anonymous_14)
DA:1,32
DA:2,32
DA:3,32
DA:6,32
DA:9,32
DA:10,32
DA:11,32
DA:14,32
DA:17,32
DA:20,32
DA:21,32
DA:24,32
DA:25,32
DA:28,32
DA:30,32
DA:33,17
DA:34,17
DA:38,8
DA:39,8
DA:41,7
DA:45,2
DA:46,2
DA:50,1
DA:51,1
DA:56,32
DA:57,2
DA:58,2
DA:59,1
DA:60,1
DA:62,1
DA:67,32
DA:68,2
DA:70,1
DA:74,2
DA:80,2
DA:85,32
DA:86,4
DA:87,4
DA:88,3
DA:89,3
DA:90,3
DA:91,3
DA:92,1
DA:93,1
DA:96,4
DA:99,32
DA:100,15
DA:101,1
DA:102,1
DA:104,1
DA:105,1
DA:106,1
DA:107,1
LF:53
LH:53
BRDA:39,0,0,1
BRDA:39,0,1,7
BRDA:46,1,0,1
BRDA:46,1,1,1
BRDA:87,2,0,3
BRDA:87,2,1,1
BRDA:88,3,0,1
BRDA:88,3,1,2
BRDA:91,4,0,1
BRDA:91,4,1,2
BRDA:100,5,0,1
BRDA:100,5,1,14
BRDA:100,6,0,7
BRDA:100,6,1,8
BRDA:100,7,0,15
BRDA:100,7,1,15
BRDA:100,8,0,7
BRDA:100,8,1,8
BRDA:100,9,0,15
BRDA:100,9,1,15
BRDA:100,10,0,0
BRDA:100,10,1,15
BRDA:100,11,0,15
BRDA:100,11,1,15
BRDA:104,12,0,1
BRDA:104,12,1,0
BRF:26
BRH:24
end_of_record
TN:
SF:D:\mychessNew\server\src\chess\chess.module.ts
FNF:0
FNH:0
DA:1,32
DA:2,32
DA:5,32
DA:8,32
DA:9,32
DA:10,32
DA:11,32
DA:14,32
DA:15,32
DA:18,32
DA:19,32
DA:20,32
DA:23,32
DA:30,32
LF:14
LH:14
BRF:0
BRH:0
end_of_record
TN:
SF:D:\mychessNew\server\src\chess\chess.service.ts
FN:12,(anonymous_2)
FN:14,(anonymous_3)
FN:92,(anonymous_4)
FN:96,(anonymous_5)
FN:103,(anonymous_6)
FN:107,(anonymous_7)
FN:117,(anonymous_8)
FN:121,(anonymous_9)
FN:131,(anonymous_10)
FN:205,(anonymous_11)
FN:227,(anonymous_12)
FN:289,(anonymous_13)
FN:359,(anonymous_14)
FN:370,(anonymous_15)
FN:389,(anonymous_16)
FN:602,(anonymous_17)
FN:615,(anonymous_18)
FN:627,(anonymous_19)
FN:657,(anonymous_20)
FN:717,(anonymous_21)
FN:763,(anonymous_22)
FN:767,(anonymous_23)
FN:794,(anonymous_24)
FN:820,(anonymous_25)
FN:827,(anonymous_26)
FN:917,(anonymous_27)
FN:926,(anonymous_28)
FN:938,(anonymous_29)
FNF:28
FNH:28
FNDA:32,(anonymous_2)
FNDA:103,(anonymous_3)
FNDA:53,(anonymous_4)
FNDA:6,(anonymous_5)
FNDA:40,(anonymous_6)
FNDA:5,(anonymous_7)
FNDA:40,(anonymous_8)
FNDA:5,(anonymous_9)
FNDA:21,(anonymous_10)
FNDA:23,(anonymous_11)
FNDA:39,(anonymous_12)
FNDA:38,(anonymous_13)
FNDA:14,(anonymous_14)
FNDA:308,(anonymous_15)
FNDA:325,(anonymous_16)
FNDA:15,(anonymous_17)
FNDA:15,(anonymous_18)
FNDA:269,(anonymous_19)
FNDA:252,(anonymous_20)
FNDA:174,(anonymous_21)
FNDA:168,(anonymous_22)
FNDA:12,(anonymous_23)
FNDA:12,(anonymous_24)
FNDA:11,(anonymous_25)
FNDA:17,(anonymous_26)
FNDA:11,(anonymous_27)
FNDA:8,(anonymous_28)
FNDA:32,(anonymous_29)
DA:1,32
DA:4,32
DA:7,32
DA:8,32
DA:11,32
DA:12,32
DA:15,103
DA:16,103
DA:18,103
DA:19,101
DA:20,34
DA:21,34
DA:23,34
DA:24,30
DA:27,34
DA:30,34
DA:36,2
DA:38,34
DA:44,3
DA:45,67
DA:46,67
DA:47,67
DA:49,67
DA:50,62
DA:52,67
DA:54,67
DA:60,2
DA:62,67
DA:68,3
DA:71,101
DA:73,101
DA:74,17
DA:75,2
DA:76,2
DA:77,2
DA:81,17
DA:82,2
DA:83,2
DA:84,2
DA:89,101
DA:93,53
DA:94,53
DA:96,53
DA:97,6
DA:100,53
DA:104,40
DA:105,40
DA:107,40
DA:108,5
DA:109,2
DA:110,2
DA:114,40
DA:118,40
DA:119,40
DA:121,40
DA:122,5
DA:123,2
DA:124,2
DA:128,40
DA:132,21
DA:133,21
DA:134,21
DA:135,21
DA:137,21
DA:138,168
DA:139,168
DA:141,168
DA:148,54
DA:153,21
DA:154,21
DA:155,21
DA:157,21
DA:158,21
DA:166,3
DA:168,21
DA:176,1
DA:179,21
DA:180,21
DA:189,2
DA:191,21
DA:200,1
DA:202,21
DA:206,23
DA:207,23
DA:208,23
DA:209,23
DA:210,23
DA:211,184
DA:212,184
DA:214,184
DA:221,53
DA:224,23
DA:228,39
DA:229,39
DA:231,39
DA:232,39
DA:233,39
DA:234,53
DA:236,28
DA:237,28
DA:238,28
DA:241,27
DA:245,39
DA:246,39
DA:247,39
DA:248,29
DA:250,10
DA:251,10
DA:252,10
DA:255,8
DA:259,39
DA:260,39
DA:261,39
DA:262,46
DA:264,33
DA:265,33
DA:266,33
DA:269,32
DA:273,39
DA:274,39
DA:275,39
DA:276,31
DA:278,10
DA:279,10
DA:280,10
DA:283,9
DA:286,39
DA:290,38
DA:291,38
DA:293,38
DA:294,38
DA:296,38
DA:297,23
DA:299,15
DA:300,15
DA:301,15
DA:304,14
DA:305,14
DA:309,38
DA:310,38
DA:312,38
DA:313,40
DA:315,30
DA:316,30
DA:317,30
DA:320,28
DA:321,28
DA:325,38
DA:326,38
DA:328,38
DA:329,35
DA:331,15
DA:332,15
DA:333,15
DA:336,14
DA:337,14
DA:341,38
DA:342,38
DA:344,38
DA:345,38
DA:347,17
DA:348,17
DA:349,17
DA:352,14
DA:353,14
DA:356,38
DA:360,14
DA:361,14
DA:362,14
DA:363,14
DA:364,14
DA:365,14
DA:367,14
DA:371,308
DA:373,308
DA:374,1481
DA:375,11018
DA:376,305
DA:386,3
DA:390,325
DA:394,325
DA:395,325
DA:397,325
DA:398,565
DA:399,281
DA:403,43
DA:405,238
DA:408,284
DA:411,282
DA:412,282
DA:413,282
DA:414,379
DA:415,244
DA:419,7
DA:421,237
DA:424,135
DA:427,275
DA:428,275
DA:429,275
DA:430,311
DA:431,70
DA:435,4
DA:437,66
DA:440,241
DA:443,271
DA:444,271
DA:445,271
DA:446,277
DA:447,163
DA:451,3
DA:453,160
DA:456,114
DA:461,268
DA:462,268
DA:463,268
DA:464,181
DA:465,64
DA:469,2
DA:471,62
DA:474,117
DA:475,117
DA:478,266
DA:479,266
DA:480,266
DA:481,192
DA:482,65
DA:486,2
DA:488,63
DA:491,127
DA:492,127
DA:495,264
DA:496,264
DA:497,264
DA:498,239
DA:499,149
DA:503,2
DA:505,147
DA:508,90
DA:509,90
DA:512,262
DA:513,262
DA:514,262
DA:515,239
DA:516,151
DA:520,2
DA:522,149
DA:525,88
DA:526,88
DA:530,260
DA:531,260
DA:532,260
DA:533,2080
DA:534,2080
DA:535,2080
DA:536,1068
DA:541,1
DA:547,259
DA:549,88
DA:550,88
DA:551,88
DA:552,174
DA:553,174
DA:554,174
DA:555,172
DA:560,3
DA:566,171
DA:567,171
DA:568,171
DA:569,342
DA:570,342
DA:571,342
DA:572,336
DA:577,1
DA:584,255
DA:585,255
DA:586,255
DA:587,2037
DA:588,2037
DA:589,2037
DA:590,1290
DA:595,1
DA:599,254
DA:603,15
DA:604,15
DA:605,15
DA:606,15
DA:608,15
DA:609,6
DA:610,6
DA:612,15
DA:616,15
DA:617,15
DA:618,15
DA:619,15
DA:620,15
DA:621,6
DA:622,6
DA:624,15
DA:628,269
DA:629,269
DA:630,269
DA:635,4
DA:640,4
DA:642,269
DA:647,3
DA:652,3
DA:654,269
DA:658,252
DA:660,252
DA:662,252
DA:667,252
DA:668,252
DA:669,2
DA:670,1
DA:674,2
DA:675,1
DA:682,252
DA:685,252
DA:686,2
DA:691,252
DA:693,252
DA:698,252
DA:700,252
DA:701,252
DA:704,252
DA:705,252
DA:707,252
DA:712,252
DA:714,252
DA:718,174
DA:721,174
DA:723,174
DA:725,18
DA:726,18
DA:729,21
DA:730,21
DA:733,10
DA:734,10
DA:737,18
DA:738,18
DA:741,86
DA:742,86
DA:745,16
DA:746,16
DA:749,5
DA:750,5
DA:754,174
DA:756,174
DA:757,240
DA:760,174
DA:764,168
DA:768,12
DA:769,12
DA:771,12
DA:772,12
DA:774,4
DA:775,26
DA:776,201
DA:777,21
DA:778,21
DA:782,2
DA:783,2
DA:784,2
DA:785,2
DA:786,2
DA:787,2
DA:788,2
DA:789,2
DA:790,2
DA:791,2
DA:795,12
DA:796,12
DA:797,12
DA:799,9
DA:800,23
DA:801,166
DA:802,10
DA:803,10
DA:807,2
DA:808,2
DA:809,2
DA:810,2
DA:812,2
DA:813,2
DA:814,2
DA:815,2
DA:816,2
DA:817,2
DA:821,11
DA:822,11
DA:823,11
DA:824,9
DA:828,17
DA:829,17
DA:830,16
DA:831,16
DA:832,13
DA:833,13
DA:834,13
DA:835,13
DA:836,13
DA:837,13
DA:838,13
DA:840,13
DA:841,13
DA:842,1
DA:847,13
DA:848,13
DA:849,2
DA:850,1
DA:854,1
DA:859,2
DA:860,1
DA:864,1
DA:871,13
DA:872,13
DA:873,2
DA:874,1
DA:878,1
DA:883,2
DA:884,1
DA:888,1
DA:895,13
DA:897,13
DA:901,13
DA:902,13
DA:903,13
DA:904,13
DA:905,13
DA:906,13
DA:907,13
DA:909,13
DA:910,13
DA:911,3
DA:913,13
DA:918,11
DA:919,11
DA:920,10
DA:921,7
DA:922,4
DA:927,8
DA:928,8
DA:929,8
DA:932,8
DA:933,8
DA:934,8
DA:939,32
DA:940,32
DA:942,32
DA:943,5
DA:947,27
DA:948,32
LF:452
LH:452
BRDA:18,0,0,2
BRDA:18,0,1,101
BRDA:18,1,0,103
BRDA:18,1,1,102
BRDA:19,2,0,34
BRDA:19,2,1,67
BRDA:23,3,0,30
BRDA:23,3,1,4
BRDA:23,4,0,34
BRDA:23,4,1,31
BRDA:23,4,2,30
BRDA:27,5,0,33
BRDA:27,5,1,1
BRDA:27,6,0,34
BRDA:27,6,1,34
BRDA:30,7,0,2
BRDA:30,7,1,32
BRDA:31,8,0,34
BRDA:31,8,1,27
BRDA:31,8,2,27
BRDA:31,8,3,2
BRDA:38,9,0,3
BRDA:38,9,1,31
BRDA:39,10,0,34
BRDA:39,10,1,32
BRDA:39,10,2,32
BRDA:39,10,3,3
BRDA:45,11,0,67
BRDA:45,11,1,0
BRDA:49,12,0,62
BRDA:49,12,1,5
BRDA:49,13,0,67
BRDA:49,13,1,63
BRDA:49,13,2,62
BRDA:52,14,0,66
BRDA:52,14,1,1
BRDA:52,15,0,67
BRDA:52,15,1,67
BRDA:54,16,0,2
BRDA:54,16,1,65
BRDA:55,17,0,67
BRDA:55,17,1,52
BRDA:55,17,2,52
BRDA:55,17,3,2
BRDA:62,18,0,3
BRDA:62,18,1,64
BRDA:63,19,0,67
BRDA:63,19,1,61
BRDA:63,19,2,61
BRDA:63,19,3,3
BRDA:73,20,0,17
BRDA:73,20,1,84
BRDA:74,21,0,2
BRDA:74,21,1,15
BRDA:74,22,0,17
BRDA:74,22,1,3
BRDA:75,23,0,2
BRDA:75,23,1,0
BRDA:75,24,0,2
BRDA:75,24,1,2
BRDA:75,24,2,2
BRDA:76,25,0,1
BRDA:76,25,1,1
BRDA:77,26,0,1
BRDA:77,26,1,1
BRDA:81,27,0,2
BRDA:81,27,1,15
BRDA:81,28,0,17
BRDA:81,28,1,14
BRDA:82,29,0,2
BRDA:82,29,1,0
BRDA:82,30,0,2
BRDA:82,30,1,2
BRDA:82,30,2,2
BRDA:83,31,0,1
BRDA:83,31,1,1
BRDA:84,32,0,1
BRDA:84,32,1,1
BRDA:97,33,0,1
BRDA:97,33,1,5
BRDA:97,34,0,6
BRDA:97,34,1,1
BRDA:108,35,0,2
BRDA:108,35,1,3
BRDA:108,36,0,5
BRDA:108,36,1,2
BRDA:109,37,0,1
BRDA:109,37,1,1
BRDA:109,38,0,2
BRDA:109,38,1,1
BRDA:110,39,0,1
BRDA:110,39,1,1
BRDA:110,40,0,2
BRDA:110,40,1,1
BRDA:122,41,0,2
BRDA:122,41,1,3
BRDA:122,42,0,5
BRDA:122,42,1,2
BRDA:123,43,0,1
BRDA:123,43,1,1
BRDA:123,44,0,2
BRDA:123,44,1,1
BRDA:124,45,0,1
BRDA:124,45,1,1
BRDA:124,46,0,2
BRDA:124,46,1,1
BRDA:141,47,0,54
BRDA:141,47,1,114
BRDA:142,48,0,168
BRDA:142,48,1,156
BRDA:142,48,2,156
BRDA:142,48,3,127
BRDA:142,48,4,103
BRDA:157,49,0,21
BRDA:157,49,1,0
BRDA:157,50,0,21
BRDA:157,50,1,21
BRDA:158,51,0,3
BRDA:158,51,1,18
BRDA:159,52,0,21
BRDA:159,52,1,17
BRDA:159,52,2,7
BRDA:159,52,3,7
BRDA:159,52,4,4
BRDA:159,52,5,4
BRDA:168,53,0,1
BRDA:168,53,1,20
BRDA:169,54,0,21
BRDA:169,54,1,17
BRDA:169,54,2,8
BRDA:169,54,3,8
BRDA:169,54,4,1
BRDA:169,54,5,1
BRDA:179,55,0,21
BRDA:179,55,1,0
BRDA:179,56,0,21
BRDA:179,56,1,21
BRDA:180,57,0,2
BRDA:180,57,1,19
BRDA:181,58,0,21
BRDA:181,58,1,17
BRDA:181,58,2,7
BRDA:181,58,3,7
BRDA:181,58,4,4
BRDA:181,58,5,4
BRDA:181,58,6,3
BRDA:191,59,0,1
BRDA:191,59,1,20
BRDA:192,60,0,21
BRDA:192,60,1,17
BRDA:192,60,2,8
BRDA:192,60,3,8
BRDA:192,60,4,1
BRDA:192,60,5,1
BRDA:192,60,6,1
BRDA:214,61,0,53
BRDA:214,61,1,131
BRDA:215,62,0,184
BRDA:215,62,1,162
BRDA:215,62,2,134
BRDA:215,62,3,117
BRDA:215,62,4,72
BRDA:233,63,0,66
BRDA:233,63,1,66
BRDA:233,63,2,53
BRDA:233,63,3,53
BRDA:234,64,0,25
BRDA:234,64,1,28
BRDA:236,65,0,28
BRDA:236,65,1,0
BRDA:238,66,0,1
BRDA:238,66,1,27
BRDA:247,67,0,47
BRDA:247,67,1,29
BRDA:247,67,2,29
BRDA:247,67,3,29
BRDA:248,68,0,19
BRDA:248,68,1,10
BRDA:250,69,0,10
BRDA:250,69,1,0
BRDA:252,70,0,2
BRDA:252,70,1,8
BRDA:261,71,0,71
BRDA:261,71,1,71
BRDA:261,71,2,71
BRDA:261,71,3,71
BRDA:262,72,0,13
BRDA:262,72,1,33
BRDA:264,73,0,33
BRDA:264,73,1,0
BRDA:266,74,0,1
BRDA:266,74,1,32
BRDA:275,75,0,48
BRDA:275,75,1,48
BRDA:275,75,2,48
BRDA:275,75,3,31
BRDA:276,76,0,21
BRDA:276,76,1,10
BRDA:278,77,0,10
BRDA:278,77,1,0
BRDA:280,78,0,1
BRDA:280,78,1,9
BRDA:296,79,0,52
BRDA:296,79,1,45
BRDA:296,79,2,45
BRDA:296,79,3,45
BRDA:297,80,0,8
BRDA:297,80,1,15
BRDA:299,81,0,15
BRDA:299,81,1,0
BRDA:301,82,0,1
BRDA:301,82,1,14
BRDA:312,83,0,66
BRDA:312,83,1,66
BRDA:312,83,2,60
BRDA:312,83,3,60
BRDA:313,84,0,10
BRDA:313,84,1,30
BRDA:315,85,0,30
BRDA:315,85,1,0
BRDA:317,86,0,2
BRDA:317,86,1,28
BRDA:328,87,0,52
BRDA:328,87,1,52
BRDA:328,87,2,50
BRDA:328,87,3,35
BRDA:329,88,0,20
BRDA:329,88,1,15
BRDA:331,89,0,15
BRDA:331,89,1,0
BRDA:333,90,0,1
BRDA:333,90,1,14
BRDA:344,91,0,52
BRDA:344,91,1,46
BRDA:344,91,2,46
BRDA:344,91,3,38
BRDA:345,92,0,21
BRDA:345,92,1,17
BRDA:347,93,0,17
BRDA:347,93,1,0
BRDA:349,94,0,3
BRDA:349,94,1,14
BRDA:375,95,0,305
BRDA:375,95,1,10713
BRDA:375,96,0,11018
BRDA:375,96,1,2528
BRDA:397,97,0,609
BRDA:397,97,1,609
BRDA:397,97,2,565
BRDA:397,97,3,565
BRDA:398,98,0,281
BRDA:398,98,1,284
BRDA:399,99,0,43
BRDA:399,99,1,238
BRDA:400,100,0,281
BRDA:400,100,1,44
BRDA:400,100,2,39
BRDA:413,101,0,417
BRDA:413,101,1,379
BRDA:413,101,2,379
BRDA:413,101,3,379
BRDA:414,102,0,244
BRDA:414,102,1,135
BRDA:415,103,0,7
BRDA:415,103,1,237
BRDA:416,104,0,244
BRDA:416,104,1,10
BRDA:416,104,2,6
BRDA:429,105,0,516
BRDA:429,105,1,516
BRDA:429,105,2,516
BRDA:429,105,3,516
BRDA:430,106,0,70
BRDA:430,106,1,241
BRDA:431,107,0,4
BRDA:431,107,1,66
BRDA:432,108,0,70
BRDA:432,108,1,4
BRDA:432,108,2,1
BRDA:445,109,0,385
BRDA:445,109,1,385
BRDA:445,109,2,385
BRDA:445,109,3,277
BRDA:446,110,0,163
BRDA:446,110,1,114
BRDA:447,111,0,3
BRDA:447,111,1,160
BRDA:448,112,0,163
BRDA:448,112,1,4
BRDA:448,112,2,2
BRDA:463,113,0,385
BRDA:463,113,1,348
BRDA:463,113,2,348
BRDA:463,113,3,348
BRDA:464,114,0,64
BRDA:464,114,1,117
BRDA:465,115,0,2
BRDA:465,115,1,62
BRDA:466,116,0,64
BRDA:466,116,1,3
BRDA:466,116,2,2
BRDA:480,117,0,393
BRDA:480,117,1,393
BRDA:480,117,2,359
BRDA:480,117,3,359
BRDA:481,118,0,65
BRDA:481,118,1,127
BRDA:482,119,0,2
BRDA:482,119,1,63
BRDA:483,120,0,65
BRDA:483,120,1,4
BRDA:483,120,2,3
BRDA:497,121,0,354
BRDA:497,121,1,354
BRDA:497,121,2,333
BRDA:497,121,3,239
BRDA:498,122,0,149
BRDA:498,122,1,90
BRDA:499,123,0,2
BRDA:499,123,1,147
BRDA:500,124,0,149
BRDA:500,124,1,2
BRDA:500,124,2,1
BRDA:514,125,0,350
BRDA:514,125,1,325
BRDA:514,125,2,325
BRDA:514,125,3,239
BRDA:515,126,0,151
BRDA:515,126,1,88
BRDA:516,127,0,2
BRDA:516,127,1,149
BRDA:517,128,0,151
BRDA:517,128,1,4
BRDA:517,128,2,3
BRDA:535,129,0,1068
BRDA:535,129,1,1012
BRDA:535,130,0,2080
BRDA:535,130,1,2066
BRDA:535,130,2,2064
BRDA:535,130,3,1734
BRDA:536,131,0,1
BRDA:536,131,1,1067
BRDA:537,132,0,1068
BRDA:537,132,1,439
BRDA:537,132,2,1
BRDA:547,133,0,88
BRDA:547,133,1,171
BRDA:554,134,0,172
BRDA:554,134,1,2
BRDA:554,135,0,174
BRDA:554,135,1,174
BRDA:554,135,2,174
BRDA:554,135,3,174
BRDA:555,136,0,3
BRDA:555,136,1,169
BRDA:556,137,0,172
BRDA:556,137,1,125
BRDA:556,137,2,3
BRDA:571,138,0,336
BRDA:571,138,1,6
BRDA:571,139,0,342
BRDA:571,139,1,339
BRDA:571,139,2,339
BRDA:571,139,3,336
BRDA:572,140,0,1
BRDA:572,140,1,335
BRDA:573,141,0,336
BRDA:573,141,1,295
BRDA:573,141,2,1
BRDA:589,142,0,1290
BRDA:589,142,1,747
BRDA:589,143,0,2037
BRDA:589,143,1,2028
BRDA:589,143,2,2028
BRDA:589,143,3,1791
BRDA:590,144,0,1
BRDA:590,144,1,1289
BRDA:591,145,0,1290
BRDA:591,145,1,1076
BRDA:591,145,2,1
BRDA:608,146,0,6
BRDA:608,146,1,9
BRDA:608,147,0,15
BRDA:608,147,1,6
BRDA:608,147,2,6
BRDA:609,148,0,2
BRDA:609,148,1,4
BRDA:609,149,0,6
BRDA:609,149,1,3
BRDA:609,149,2,2
BRDA:610,150,0,2
BRDA:610,150,1,4
BRDA:610,151,0,6
BRDA:610,151,1,3
BRDA:610,151,2,2
BRDA:620,152,0,6
BRDA:620,152,1,9
BRDA:620,153,0,15
BRDA:620,153,1,6
BRDA:620,153,2,6
BRDA:621,154,0,2
BRDA:621,154,1,4
BRDA:621,155,0,6
BRDA:621,155,1,3
BRDA:621,155,2,2
BRDA:622,156,0,2
BRDA:622,156,1,4
BRDA:622,157,0,6
BRDA:622,157,1,3
BRDA:622,157,2,2
BRDA:630,158,0,4
BRDA:630,158,1,265
BRDA:631,159,0,269
BRDA:631,159,1,185
BRDA:631,159,2,62
BRDA:635,160,0,4
BRDA:635,160,1,0
BRDA:636,161,0,4
BRDA:636,161,1,4
BRDA:636,161,2,4
BRDA:636,161,3,1
BRDA:642,162,0,3
BRDA:642,162,1,266
BRDA:643,163,0,269
BRDA:643,163,1,185
BRDA:643,163,2,123
BRDA:647,164,0,3
BRDA:647,164,1,0
BRDA:648,165,0,3
BRDA:648,165,1,3
BRDA:648,165,2,3
BRDA:648,165,3,2
BRDA:668,166,0,2
BRDA:668,166,1,250
BRDA:669,167,0,1
BRDA:669,167,1,1
BRDA:674,168,0,1
BRDA:674,168,1,1
BRDA:685,169,0,2
BRDA:685,169,1,250
BRDA:701,170,0,249
BRDA:701,170,1,3
BRDA:701,171,0,39
BRDA:701,171,1,210
BRDA:704,172,0,2
BRDA:704,172,1,250
BRDA:724,173,0,18
BRDA:724,173,1,21
BRDA:724,173,2,10
BRDA:724,173,3,18
BRDA:724,173,4,86
BRDA:724,173,5,16
BRDA:724,173,6,5
BRDA:757,174,0,203
BRDA:757,174,1,37
BRDA:772,175,0,8
BRDA:772,175,1,4
BRDA:776,176,0,21
BRDA:776,176,1,180
BRDA:778,177,0,2
BRDA:778,177,1,19
BRDA:797,178,0,3
BRDA:797,178,1,9
BRDA:801,179,0,10
BRDA:801,179,1,156
BRDA:803,180,0,7
BRDA:803,180,1,3
BRDA:823,181,0,2
BRDA:823,181,1,9
BRDA:823,182,0,11
BRDA:823,182,1,10
BRDA:829,183,0,16
BRDA:829,183,1,1
BRDA:830,184,0,6
BRDA:830,184,1,10
BRDA:831,185,0,13
BRDA:831,185,1,3
BRDA:841,186,0,1
BRDA:841,186,1,12
BRDA:848,187,0,2
BRDA:848,187,1,11
BRDA:849,188,0,1
BRDA:849,188,1,1
BRDA:859,189,0,1
BRDA:859,189,1,1
BRDA:872,190,0,2
BRDA:872,190,1,11
BRDA:873,191,0,1
BRDA:873,191,1,1
BRDA:883,192,0,1
BRDA:883,192,1,1
BRDA:909,193,0,9
BRDA:909,193,1,4
BRDA:919,194,0,1
BRDA:919,194,1,10
BRDA:920,195,0,3
BRDA:920,195,1,7
BRDA:920,196,0,10
BRDA:920,196,1,6
BRDA:921,197,0,3
BRDA:921,197,1,4
BRDA:921,198,0,7
BRDA:921,198,1,4
BRDA:933,199,0,6
BRDA:933,199,1,2
BRDA:942,200,0,5
BRDA:942,200,1,27
BRF:507
BRH:492
end_of_record
TN:
SF:D:\mychessNew\server\src\chess\chessBot.service.ts
FN:12,(anonymous_2)
FN:15,(anonymous_3)
FN:22,(anonymous_4)
FN:26,(anonymous_5)
FN:46,(anonymous_6)
FN:57,(anonymous_7)
FN:86,(anonymous_8)
FN:138,(anonymous_9)
FNF:8
FNH:8
FNDA:32,(anonymous_2)
FNDA:3,(anonymous_3)
FNDA:3,(anonymous_4)
FNDA:182,(anonymous_5)
FNDA:9,(anonymous_6)
FNDA:9,(anonymous_7)
FNDA:62,(anonymous_8)
FNDA:2,(anonymous_9)
DA:1,32
DA:4,32
DA:5,32
DA:8,32
DA:11,32
DA:12,32
DA:16,3
DA:17,3
DA:18,3
DA:23,3
DA:26,3
DA:27,182
DA:31,3
DA:32,3
DA:34,3
DA:35,60
DA:36,60
DA:37,3
DA:38,3
DA:42,3
DA:47,9
DA:48,9
DA:49,9
DA:51,9
DA:52,9
DA:53,9
DA:58,9
DA:59,9
DA:60,9
DA:61,8
DA:62,64
DA:63,512
DA:64,128
DA:65,128
DA:66,80
DA:67,160
DA:82,9
DA:87,62
DA:88,62
DA:89,62
DA:90,61
DA:94,61
DA:99,61
DA:100,488
DA:101,3904
DA:103,1952
DA:105,976
DA:106,976
DA:109,244
DA:110,244
DA:113,244
DA:114,244
DA:117,244
DA:118,244
DA:121,122
DA:122,122
DA:125,122
DA:126,122
DA:134,62
DA:139,2
DA:140,2
DA:143,2
DA:144,2
DA:147,2
DA:148,2
DA:150,2
LF:66
LH:66
BRDA:36,0,0,3
BRDA:36,0,1,57
BRDA:52,1,0,8
BRDA:52,1,1,1
BRDA:60,2,0,8
BRDA:60,2,1,1
BRDA:63,3,0,128
BRDA:63,3,1,384
BRDA:65,4,0,80
BRDA:65,4,1,48
BRDA:89,5,0,61
BRDA:89,5,1,1
BRDA:101,6,0,1952
BRDA:101,6,1,1952
BRDA:104,7,0,976
BRDA:104,7,1,244
BRDA:104,7,2,244
BRDA:104,7,3,244
BRDA:104,7,4,122
BRDA:104,7,5,122
BRDA:105,8,0,488
BRDA:105,8,1,488
BRDA:109,9,0,122
BRDA:109,9,1,122
BRDA:113,10,0,122
BRDA:113,10,1,122
BRDA:117,11,0,122
BRDA:117,11,1,122
BRDA:121,12,0,61
BRDA:121,12,1,61
BRDA:125,13,0,61
BRDA:125,13,1,61
BRDA:148,14,0,1
BRDA:148,14,1,1
BRF:34
BRH:34
end_of_record
TN:
SF:D:\mychessNew\server\src\chess\chessCommon.service.ts
FN:20,(anonymous_2)
FN:28,(anonymous_3)
FN:36,(anonymous_4)
FN:44,(anonymous_5)
FN:51,(anonymous_6)
FN:54,(anonymous_7)
FN:59,(anonymous_8)
FN:79,(anonymous_9)
FN:83,(anonymous_10)
FN:88,(anonymous_11)
FN:91,(anonymous_12)
FN:97,(anonymous_13)
FN:120,(anonymous_14)
FN:133,(anonymous_15)
FN:144,(anonymous_16)
FN:160,(anonymous_17)
FN:181,(anonymous_18)
FN:191,(anonymous_19)
FN:200,(anonymous_20)
FN:218,(anonymous_21)
FN:223,(anonymous_22)
FN:230,(anonymous_23)
FN:240,(anonymous_24)
FN:249,(anonymous_25)
FN:284,(anonymous_26)
FN:300,(anonymous_27)
FNF:26
FNH:26
FNDA:32,(anonymous_2)
FNDA:4,(anonymous_3)
FNDA:4,(anonymous_4)
FNDA:4,(anonymous_5)
FNDA:52,(anonymous_6)
FNDA:63,(anonymous_7)
FNDA:131,(anonymous_8)
FNDA:1325,(anonymous_9)
FNDA:2895,(anonymous_10)
FNDA:10,(anonymous_11)
FNDA:381,(anonymous_12)
FNDA:230,(anonymous_13)
FNDA:57,(anonymous_14)
FNDA:12,(anonymous_15)
FNDA:18,(anonymous_16)
FNDA:5,(anonymous_17)
FNDA:6,(anonymous_18)
FNDA:25,(anonymous_19)
FNDA:24,(anonymous_20)
FNDA:24,(anonymous_21)
FNDA:10,(anonymous_22)
FNDA:7,(anonymous_23)
FNDA:128,(anonymous_24)
FNDA:27,(anonymous_25)
FNDA:3,(anonymous_26)
FNDA:4,(anonymous_27)
DA:1,32
DA:4,32
DA:5,32
DA:6,32
DA:9,32
DA:10,32
DA:11,32
DA:12,32
DA:15,32
DA:16,32
DA:19,32
DA:21,32
DA:22,32
DA:23,32
DA:24,32
DA:25,32
DA:29,4
DA:35,4
DA:36,4
DA:38,2
DA:43,2
DA:44,4
DA:46,2
DA:47,2
DA:48,2
DA:52,52
DA:53,52
DA:54,63
DA:55,51
DA:60,131
DA:61,131
DA:62,131
DA:64,131
DA:65,131
DA:66,131
DA:68,131
DA:69,131
DA:71,131
DA:72,12
DA:73,12
DA:76,131
DA:80,1325
DA:84,2895
DA:85,2895
DA:89,10
DA:90,10
DA:91,10
DA:92,381
DA:94,10
DA:98,230
DA:99,230
DA:100,226
DA:102,226
DA:114,226
DA:115,226
DA:117,4
DA:121,57
DA:123,57
DA:124,53
DA:125,53
DA:126,53
DA:127,53
DA:128,53
DA:130,4
DA:134,12
DA:135,12
DA:136,12
DA:137,12
DA:138,12
DA:139,12
DA:141,12
DA:145,18
DA:146,18
DA:147,17
DA:148,17
DA:149,17
DA:150,17
DA:151,17
DA:152,17
DA:153,17
DA:154,17
DA:155,17
DA:157,18
DA:161,5
DA:162,5
DA:163,4
DA:164,2
DA:165,2
DA:166,2
DA:167,2
DA:168,2
DA:169,2
DA:170,2
DA:171,2
DA:172,2
DA:174,2
DA:175,2
DA:178,5
DA:182,6
DA:183,6
DA:184,5
DA:185,5
DA:186,5
DA:188,6
DA:192,25
DA:194,25
DA:195,24
DA:196,24
DA:201,24
DA:202,24
DA:203,24
DA:205,24
DA:206,24
DA:207,24
DA:208,24
DA:209,24
DA:210,24
DA:211,24
DA:212,24
DA:214,24
DA:215,24
DA:219,24
DA:220,24
DA:224,10
DA:225,10
DA:226,9
DA:227,3
DA:228,3
DA:229,6
DA:230,7
DA:231,5
DA:232,5
DA:233,5
DA:234,5
DA:237,2
DA:241,128
DA:242,128
DA:243,127
DA:244,127
DA:246,128
DA:250,27
DA:251,27
DA:253,27
DA:254,27
DA:257,27
DA:258,4
DA:259,3
DA:260,2
DA:261,27
DA:262,4
DA:263,3
DA:264,1
DA:267,27
DA:268,4
DA:269,4
DA:270,23
DA:271,17
DA:272,17
DA:273,6
DA:274,6
DA:275,6
DA:278,27
DA:285,3
DA:286,3
DA:287,2
DA:288,2
DA:290,2
DA:291,2
DA:293,2
DA:294,2
DA:296,2
DA:301,4
DA:302,4
DA:303,4
DA:305,4
DA:306,125
DA:307,125
DA:308,125
DA:309,125
DA:313,4
DA:314,2
DA:316,1
LF:182
LH:182
BRDA:35,0,0,2
BRDA:35,0,1,2
BRDA:44,1,0,4
BRDA:44,1,1,1
BRDA:44,2,0,0
BRDA:44,2,1,1
BRDA:44,3,0,1
BRDA:44,3,1,1
BRDA:53,4,0,51
BRDA:53,4,1,1
BRDA:71,5,0,12
BRDA:71,5,1,119
BRDA:99,6,0,226
BRDA:99,6,1,4
BRDA:99,7,0,230
BRDA:99,7,1,229
BRDA:99,7,2,226
BRDA:99,8,0,1
BRDA:99,8,1,229
BRDA:99,9,0,230
BRDA:99,9,1,229
BRDA:100,10,0,134
BRDA:100,10,1,92
BRDA:123,11,0,53
BRDA:123,11,1,4
BRDA:123,12,0,57
BRDA:123,12,1,57
BRDA:123,12,2,55
BRDA:146,13,0,17
BRDA:146,13,1,1
BRDA:147,14,0,16
BRDA:147,14,1,1
BRDA:162,15,0,4
BRDA:162,15,1,1
BRDA:163,16,0,2
BRDA:163,16,1,2
BRDA:183,17,0,5
BRDA:183,17,1,1
BRDA:183,18,0,6
BRDA:183,18,1,5
BRDA:194,19,0,24
BRDA:194,19,1,1
BRDA:194,20,0,25
BRDA:194,20,1,24
BRDA:225,21,0,9
BRDA:225,21,1,1
BRDA:226,22,0,3
BRDA:226,22,1,6
BRDA:226,23,0,9
BRDA:226,23,1,6
BRDA:229,24,0,5
BRDA:229,24,1,1
BRDA:242,25,0,127
BRDA:242,25,1,1
BRDA:257,26,0,23
BRDA:257,26,1,4
BRDA:258,27,0,1
BRDA:258,27,1,3
BRDA:259,28,0,1
BRDA:259,28,1,2
BRDA:261,29,0,23
BRDA:261,29,1,4
BRDA:262,30,0,1
BRDA:262,30,1,3
BRDA:263,31,0,2
BRDA:263,31,1,1
BRDA:267,32,0,4
BRDA:267,32,1,23
BRDA:270,33,0,17
BRDA:270,33,1,6
BRDA:273,34,0,6
BRDA:273,34,1,0
BRDA:286,35,0,2
BRDA:286,35,1,1
BRDA:307,36,0,125
BRDA:307,36,1,0
BRDA:308,37,0,18
BRDA:308,37,1,107
BRDA:309,38,0,1
BRDA:309,38,1,124
BRDA:313,39,0,2
BRDA:313,39,1,2
BRDA:314,40,0,1
BRDA:314,40,1,1
BRF:84
BRH:81
end_of_record
TN:
SF:D:\mychessNew\server\src\chess\chessGateway.action.ts
FN:1,(anonymous_0)
FNF:1
FNH:1
FNDA:32,(anonymous_0)
DA:1,32
DA:2,32
DA:3,32
DA:4,32
DA:5,32
DA:6,32
DA:7,32
LF:7
LH:7
BRDA:1,0,0,32
BRDA:1,0,1,32
BRF:2
BRH:2
end_of_record
TN:
SF:D:\mychessNew\server\src\chess\dto\chessAddMoveDto.ts
FNF:0
FNH:0
DA:1,32
DA:4,32
DA:11,32
DA:13,32
DA:15,32
DA:21,32
LF:6
LH:6
BRF:0
BRH:0
end_of_record
TN:
SF:D:\mychessNew\server\src\chess\dto\chessChooseAPieceDTO.ts
FNF:0
FNH:0
DA:1,32
DA:4,32
DA:10,32
DA:12,32
DA:14,32
DA:20,32
LF:6
LH:6
BRF:0
BRH:0
end_of_record
TN:
SF:D:\mychessNew\server\src\chess\dto\chessPromotePawnDto.ts
FNF:0
FNH:0
DA:1,32
DA:4,32
DA:11,32
DA:13,32
DA:15,32
DA:21,32
LF:6
LH:6
BRF:0
BRH:0
end_of_record
TN:
SF:D:\mychessNew\server\src\chess\dto\chessRoomIdDto.ts
FNF:0
FNH:0
DA:1,32
DA:4,32
DA:10,32
DA:12,32
DA:14,32
DA:18,32
LF:6
LH:6
BRF:0
BRH:0
end_of_record
TN:
SF:D:\mychessNew\server\src\chess\dto\drawDto.ts
FNF:0
FNH:0
DA:1,32
DA:4,32
DA:10,32
DA:12,32
DA:14,32
DA:19,32
LF:6
LH:6
BRF:0
BRH:0
end_of_record
TN:
SF:D:\mychessNew\server\src\chess\entity\chess.entity.ts
FN:38,(anonymous_2)
FN:13,(anonymous_3)
FN:32,(anonymous_4)
FN:32,(anonymous_5)
FNF:4
FNH:4
FNDA:199,(anonymous_2)
FNDA:32,(anonymous_3)
FNDA:32,(anonymous_4)
FNDA:32,(anonymous_5)
DA:1,32
DA:4,32
DA:5,32
DA:6,32
DA:9,32
DA:11,32
DA:13,32
DA:15,32
DA:18,32
DA:21,32
DA:24,32
DA:27,32
DA:30,32
DA:32,32
DA:33,32
DA:36,32
DA:39,199
DA:40,199
LF:18
LH:18
BRF:0
BRH:0
end_of_record
TN:
SF:D:\mychessNew\server\src\chess\entity\chess.interface.ts
FN:1,(anonymous_0)
FN:36,(anonymous_1)
FN:42,(anonymous_2)
FN:66,(anonymous_3)
FNF:4
FNH:4
FNDA:32,(anonymous_0)
FNDA:32,(anonymous_1)
FNDA:32,(anonymous_2)
FNDA:32,(anonymous_3)
DA:1,32
DA:2,32
DA:3,32
DA:4,32
DA:5,32
DA:6,32
DA:7,32
DA:8,32
DA:36,32
DA:37,32
DA:38,32
DA:39,32
DA:42,32
DA:43,32
DA:44,32
DA:45,32
DA:46,32
DA:66,32
DA:67,32
DA:68,32
DA:69,32
DA:70,32
DA:71,32
DA:72,32
LF:24
LH:24
BRDA:1,0,0,32
BRDA:1,0,1,32
BRDA:36,1,0,32
BRDA:36,1,1,32
BRDA:42,2,0,32
BRDA:42,2,1,32
BRDA:66,3,0,32
BRDA:66,3,1,32
BRF:8
BRH:8
end_of_record
TN:
SF:D:\mychessNew\server\src\chess\entity\chess.repository.ts
FN:10,(anonymous_1)
FN:11,(anonymous_2)
FNF:2
FNH:2
FNDA:32,(anonymous_1)
FNDA:2,(anonymous_2)
DA:1,32
DA:4,32
DA:7,32
DA:10,32
DA:11,32
DA:12,2
LF:6
LH:6
BRF:0
BRH:0
end_of_record
TN:
SF:D:\mychessNew\server\src\chess\entity\chessBoard.entity.ts
FN:23,(anonymous_0)
FN:49,(anonymous_1)
FNF:2
FNH:2
FNDA:227,(anonymous_0)
FNDA:131,(anonymous_1)
DA:2,32
DA:5,32
DA:8,32
DA:23,227
DA:24,227
DA:28,227
DA:39,227
DA:40,227
DA:41,227
DA:42,227
DA:43,227
DA:44,227
DA:45,227
DA:46,227
DA:51,131
DA:55,131
DA:59,131
DA:63,131
DA:68,131
DA:72,131
DA:76,131
DA:80,131
DA:85,131
DA:89,131
DA:93,131
DA:97,131
DA:102,131
DA:106,131
DA:111,131
DA:115,131
DA:120,131
DA:121,1048
DA:125,1048
LF:33
LH:33
BRF:0
BRH:0
end_of_record
TN:
SF:D:\mychessNew\server\src\chess\entity\chessMove.entity.ts
FN:30,(anonymous_2)
FN:30,(anonymous_3)
FNF:2
FNH:2
FNDA:32,(anonymous_2)
FNDA:32,(anonymous_3)
DA:1,32
DA:4,32
DA:5,32
DA:8,32
DA:10,32
DA:13,32
DA:16,32
DA:19,32
DA:22,32
DA:25,32
DA:28,32
DA:30,32
DA:31,32
LF:13
LH:13
BRF:0
BRH:0
end_of_record
TN:
SF:D:\mychessNew\server\src\chess\entity\chessMove.repository.ts
FNF:0
FNH:0
DA:1,32
DA:4,32
DA:7,32
DA:11,32
LF:4
LH:4
BRF:0
BRH:0
end_of_record
TN:
SF:D:\mychessNew\server\src\common\common.controller.ts
FN:17,(anonymous_4)
FN:21,(anonymous_5)
FNF:2
FNH:2
FNDA:32,(anonymous_4)
FNDA:2,(anonymous_5)
DA:1,32
DA:4,32
DA:7,32
DA:10,32
DA:13,32
DA:16,32
DA:17,32
DA:21,32
DA:23,2
LF:9
LH:9
BRF:0
BRH:0
end_of_record
TN:
SF:D:\mychessNew\server\src\common\common.module.ts
FNF:0
FNH:0
DA:1,32
DA:2,32
DA:5,32
DA:8,32
DA:11,32
DA:14,32
DA:21,32
LF:7
LH:7
BRF:0
BRH:0
end_of_record
TN:
SF:D:\mychessNew\server\src\common\common.service.ts
FN:8,(anonymous_2)
FNF:1
FNH:1
FNDA:32,(anonymous_2)
DA:1,32
DA:4,32
DA:7,32
DA:8,32
LF:4
LH:4
BRF:0
BRH:0
end_of_record
TN:
SF:D:\mychessNew\server\src\common\dto\aboutUsDto.ts
FNF:0
FNH:0
DA:1,32
DA:7,32
DA:10,32
DA:12,32
DA:14,32
DA:20,32
LF:6
LH:6
BRF:0
BRH:0
end_of_record
TN:
SF:D:\mychessNew\server\src\notifications\notifications.action.ts
FN:1,(anonymous_0)
FNF:1
FNH:1
FNDA:32,(anonymous_0)
DA:1,32
DA:2,32
DA:3,32
DA:4,32
DA:5,32
LF:5
LH:5
BRDA:1,0,0,32
BRDA:1,0,1,32
BRF:2
BRH:2
end_of_record
TN:
SF:D:\mychessNew\server\src\notifications\notifications.gateway.ts
FN:29,(anonymous_4)
FN:33,(anonymous_5)
FN:39,(anonymous_6)
FN:46,(anonymous_7)
FN:69,(anonymous_8)
FNF:5
FNH:5
FNDA:32,(anonymous_4)
FNDA:1,(anonymous_5)
FNDA:3,(anonymous_6)
FNDA:2,(anonymous_7)
FNDA:1,(anonymous_8)
DA:1,32
DA:2,32
DA:3,32
DA:6,32
DA:7,32
DA:10,32
DA:11,32
DA:14,32
DA:15,32
DA:18,32
DA:21,32
DA:22,32
DA:23,32
DA:25,32
DA:28,32
DA:29,32
DA:31,32
DA:34,1
DA:39,32
DA:40,3
DA:41,3
DA:46,32
DA:47,2
DA:48,2
DA:50,1
DA:53,1
DA:55,1
DA:58,1
DA:59,1
DA:60,1
DA:61,1
DA:63,1
DA:64,1
DA:69,32
DA:70,1
DA:72,1
LF:36
LH:36
BRDA:48,0,0,1
BRDA:48,0,1,1
BRDA:54,1,0,1
BRF:3
BRH:3
end_of_record
TN:
SF:D:\mychessNew\server\src\notifications\notifications.module.ts
FNF:0
FNH:0
DA:1,32
DA:2,32
DA:5,32
DA:6,32
DA:9,32
DA:12,32
DA:15,32
DA:18,32
DA:25,32
LF:9
LH:9
BRF:0
BRH:0
end_of_record
TN:
SF:D:\mychessNew\server\src\notifications\notifications.service.ts
FN:9,(anonymous_2)
FN:11,(anonymous_3)
FN:19,(anonymous_4)
FNF:3
FNH:3
FNDA:32,(anonymous_2)
FNDA:1,(anonymous_3)
FNDA:1,(anonymous_4)
DA:1,32
DA:4,32
DA:8,32
DA:9,32
DA:12,1
DA:20,1
LF:6
LH:6
BRF:0
BRH:0
end_of_record
TN:
SF:D:\mychessNew\server\src\notifications\dto\sendNotificationDto.ts
FNF:0
FNH:0
DA:1,32
DA:4,32
DA:7,32
DA:9,32
DA:11,32
DA:17,32
LF:6
LH:6
BRF:0
BRH:0
end_of_record
TN:
SF:D:\mychessNew\server\src\notifications\entities\notification.content.enum.ts
FN:1,(anonymous_0)
FNF:1
FNH:1
FNDA:32,(anonymous_0)
DA:1,32
DA:2,32
DA:3,32
LF:3
LH:3
BRDA:1,0,0,32
BRDA:1,0,1,32
BRF:2
BRH:2
end_of_record
TN:
SF:D:\mychessNew\server\src\notifications\entities\notification.entity.ts
FN:8,(anonymous_2)
FN:31,(anonymous_3)
FN:31,(anonymous_4)
FNF:3
FNH:3
FNDA:36,(anonymous_2)
FNDA:32,(anonymous_3)
FNDA:32,(anonymous_4)
DA:1,32
DA:4,32
DA:7,32
DA:9,36
DA:10,36
DA:14,32
DA:17,32
DA:20,32
DA:23,32
DA:26,32
DA:29,32
DA:31,32
DA:32,32
LF:13
LH:13
BRF:0
BRH:0
end_of_record
TN:
SF:D:\mychessNew\server\src\notifications\entities\notification.repository.ts
FNF:0
FNH:0
DA:1,32
DA:4,32
DA:7,32
DA:10,32
LF:4
LH:4
BRF:0
BRH:0
end_of_record
TN:
SF:D:\mychessNew\server\src\notifications\entities\notification.type.enum.ts
FN:1,(anonymous_0)
FNF:1
FNH:1
FNDA:32,(anonymous_0)
DA:1,32
DA:2,32
DA:3,32
LF:3
LH:3
BRDA:1,0,0,32
BRDA:1,0,1,32
BRF:2
BRH:2
end_of_record
TN:
SF:D:\mychessNew\server\src\notifications\entities\notificationConnectType.entity.ts
FN:5,(anonymous_2)
FNF:1
FNH:1
FNDA:1,(anonymous_2)
DA:1,32
DA:4,32
DA:6,1
DA:7,1
DA:11,32
DA:14,32
DA:17,32
LF:7
LH:7
BRF:0
BRH:0
end_of_record
TN:
SF:D:\mychessNew\server\src\providers\aws\aws.module.ts
FN:16,(anonymous_1)
FNF:1
FNH:1
FNDA:32,(anonymous_1)
DA:1,32
DA:2,32
DA:5,32
DA:8,32
DA:17,32
DA:21,32
DA:25,32
DA:31,32
LF:8
LH:8
BRF:0
BRH:0
end_of_record
TN:
SF:D:\mychessNew\server\src\providers\aws\aws.service.ts
FN:11,(anonymous_2)
FN:12,(anonymous_3)
FN:19,(anonymous_4)
FN:24,(anonymous_5)
FN:33,(anonymous_6)
FN:36,(anonymous_7)
FNF:6
FNH:6
FNDA:32,(anonymous_2)
FNDA:7,(anonymous_3)
FNDA:6,(anonymous_4)
FNDA:2,(anonymous_5)
FNDA:1,(anonymous_6)
FNDA:1,(anonymous_7)
DA:1,32
DA:2,32
DA:3,32
DA:4,32
DA:7,32
DA:10,32
DA:11,32
DA:13,7
DA:14,7
DA:16,7
DA:20,6
DA:21,6
DA:25,2
DA:26,2
DA:28,2
DA:30,2
DA:34,1
DA:37,1
DA:38,1
LF:19
LH:19
BRF:0
BRH:0
end_of_record
TN:
SF:D:\mychessNew\server\src\providers\smail\smail.module.ts
FN:17,(anonymous_1)
FNF:1
FNH:1
FNDA:32,(anonymous_1)
DA:1,32
DA:2,32
DA:3,32
DA:6,32
DA:9,32
DA:18,32
DA:19,32
DA:25,32
LF:8
LH:8
BRF:0
BRH:0
end_of_record
TN:
SF:D:\mychessNew\server\src\providers\smail\smail.service.ts
FN:9,(anonymous_2)
FN:11,(anonymous_3)
FN:32,(anonymous_4)
FN:35,(anonymous_5)
FN:42,(anonymous_6)
FN:57,(anonymous_7)
FNF:6
FNH:6
FNDA:32,(anonymous_2)
FNDA:9,(anonymous_3)
FNDA:6,(anonymous_4)
FNDA:3,(anonymous_5)
FNDA:3,(anonymous_6)
FNDA:3,(anonymous_7)
DA:1,32
DA:2,32
DA:5,32
DA:8,32
DA:9,32
DA:12,9
DA:30,9
DA:33,6
DA:36,3
DA:38,3
DA:43,3
DA:58,3
LF:12
LH:12
BRDA:11,0,0,9
BRDA:26,1,0,9
BRDA:26,1,1,0
BRF:3
BRH:2
end_of_record
TN:
SF:D:\mychessNew\server\src\providers\sms\sms.module.ts
FN:11,(anonymous_1)
FNF:1
FNH:1
FNDA:32,(anonymous_1)
DA:1,32
DA:2,32
DA:5,32
DA:8,32
DA:11,32
DA:14,32
LF:6
LH:6
BRF:0
BRH:0
end_of_record
TN:
SF:D:\mychessNew\server\src\providers\sms\sms.service.ts
FN:9,(anonymous_2)
FN:11,(anonymous_3)
FN:20,(anonymous_4)
FN:21,(anonymous_5)
FN:27,(anonymous_6)
FNF:5
FNH:5
FNDA:32,(anonymous_2)
FNDA:8,(anonymous_3)
FNDA:3,(anonymous_4)
FNDA:3,(anonymous_5)
FNDA:5,(anonymous_6)
DA:1,32
DA:2,32
DA:5,32
DA:8,32
DA:9,32
DA:12,8
DA:14,6
DA:20,3
DA:22,3
DA:23,3
DA:28,5
DA:30,5
LF:12
LH:12
BRDA:12,0,0,2
BRDA:12,0,1,6
BRF:2
BRH:2
end_of_record
TN:
SF:D:\mychessNew\server\src\ticTacToe\ticTacToe.controller.ts
FN:30,(anonymous_4)
FN:37,(anonymous_5)
FN:43,(anonymous_6)
FN:49,(anonymous_7)
FN:56,(anonymous_8)
FN:68,(anonymous_9)
FN:76,(anonymous_10)
FN:85,(anonymous_11)
FN:98,(anonymous_12)
FN:110,(anonymous_13)
FN:124,(anonymous_14)
FN:138,(anonymous_15)
FN:152,(anonymous_16)
FN:165,(anonymous_17)
FN:191,(anonymous_18)
FN:208,(anonymous_19)
FN:215,(anonymous_20)
FN:226,(anonymous_21)
FNF:18
FNH:18
FNDA:32,(anonymous_4)
FNDA:19,(anonymous_5)
FNDA:27,(anonymous_6)
FNDA:6,(anonymous_7)
FNDA:3,(anonymous_8)
FNDA:1,(anonymous_9)
FNDA:1,(anonymous_10)
FNDA:3,(anonymous_11)
FNDA:1,(anonymous_12)
FNDA:3,(anonymous_13)
FNDA:3,(anonymous_14)
FNDA:1,(anonymous_15)
FNDA:1,(anonymous_16)
FNDA:6,(anonymous_17)
FNDA:2,(anonymous_18)
FNDA:4,(anonymous_19)
FNDA:6,(anonymous_20)
FNDA:2,(anonymous_21)
DA:1,32
DA:5,32
DA:6,32
DA:7,32
DA:8,32
DA:11,32
DA:14,32
DA:18,32
DA:21,32
DA:22,32
DA:23,32
DA:26,32
DA:29,32
DA:31,32
DA:32,32
DA:33,32
DA:34,32
DA:38,19
DA:39,19
DA:40,18
DA:44,27
DA:45,27
DA:46,26
DA:50,6
DA:51,1
DA:56,32
DA:57,3
DA:58,3
DA:59,2
DA:61,2
DA:62,2
DA:64,2
DA:68,32
DA:69,1
DA:71,1
DA:76,32
DA:77,1
DA:79,1
DA:85,32
DA:86,3
DA:87,2
DA:88,1
DA:90,1
DA:92,1
DA:93,1
DA:98,32
DA:99,1
DA:100,1
DA:101,1
DA:102,1
DA:103,1
DA:105,1
DA:110,32
DA:111,3
DA:112,3
DA:113,1
DA:115,2
DA:116,2
DA:118,2
DA:124,32
DA:125,3
DA:126,3
DA:127,3
DA:128,2
DA:129,2
DA:131,1
DA:132,1
DA:138,32
DA:139,1
DA:140,1
DA:142,1
DA:143,1
DA:145,1
DA:146,1
DA:152,32
DA:153,1
DA:155,1
DA:156,1
DA:158,1
DA:159,1
DA:165,32
DA:166,6
DA:167,6
DA:168,1
DA:170,5
DA:172,4
DA:173,4
DA:174,4
DA:175,3
DA:176,3
DA:177,2
DA:178,2
DA:179,2
DA:180,1
DA:181,2
DA:184,3
DA:185,3
DA:191,32
DA:192,2
DA:193,2
DA:195,2
DA:197,2
DA:198,1
DA:200,1
DA:201,1
DA:202,1
DA:208,32
DA:209,4
DA:210,4
DA:212,4
DA:213,1
DA:215,6
DA:216,3
DA:217,1
DA:218,2
DA:220,2
DA:221,2
DA:226,32
DA:227,2
DA:229,2
DA:230,1
DA:232,1
DA:234,1
DA:236,1
DA:237,1
LF:125
LH:125
BRDA:39,0,0,1
BRDA:39,0,1,18
BRDA:45,1,0,1
BRDA:45,1,1,26
BRDA:50,2,0,1
BRDA:50,2,1,5
BRDA:58,3,0,1
BRDA:58,3,1,2
BRDA:62,4,0,2
BRDA:62,4,1,0
BRDA:112,5,0,1
BRDA:112,5,1,2
BRDA:116,6,0,1
BRDA:116,6,1,1
BRDA:116,7,0,2
BRDA:116,7,1,1
BRDA:129,8,0,1
BRDA:129,8,1,1
BRDA:167,9,0,1
BRDA:167,9,1,5
BRDA:170,10,0,1
BRDA:170,10,1,4
BRDA:174,11,0,1
BRDA:174,11,1,3
BRDA:176,12,0,2
BRDA:176,12,1,1
BRDA:176,13,0,3
BRDA:176,13,1,3
BRDA:179,14,0,1
BRDA:179,14,1,1
BRDA:197,15,0,1
BRDA:197,15,1,1
BRDA:212,16,0,1
BRDA:212,16,1,3
BRDA:216,17,0,1
BRDA:216,17,1,2
BRDA:229,18,0,1
BRDA:229,18,1,1
BRF:38
BRH:37
end_of_record
TN:
SF:D:\mychessNew\server\src\ticTacToe\ticTacToe.gateway.ts
FN:24,(anonymous_4)
FN:29,(anonymous_5)
FN:31,(anonymous_6)
FN:36,(anonymous_7)
FN:41,(anonymous_8)
FN:47,(anonymous_9)
FN:56,(anonymous_10)
FN:67,(anonymous_11)
FN:75,(anonymous_12)
FN:90,(anonymous_13)
FNF:10
FNH:10
FNDA:32,(anonymous_4)
FNDA:19,(anonymous_5)
FNDA:2,(anonymous_6)
FNDA:12,(anonymous_7)
FNDA:1,(anonymous_8)
FNDA:8,(anonymous_9)
FNDA:2,(anonymous_10)
FNDA:2,(anonymous_11)
FNDA:4,(anonymous_12)
FNDA:15,(anonymous_13)
DA:1,32
DA:2,32
DA:3,32
DA:6,32
DA:9,32
DA:10,32
DA:15,32
DA:18,32
DA:19,32
DA:20,32
DA:23,32
DA:24,32
DA:27,32
DA:29,32
DA:32,2
DA:33,2
DA:37,12
DA:38,12
DA:42,1
DA:44,1
DA:48,8
DA:49,8
DA:51,7
DA:56,32
DA:57,2
DA:58,2
DA:59,1
DA:60,1
DA:62,1
DA:67,32
DA:68,2
DA:70,1
DA:75,32
DA:76,4
DA:77,4
DA:78,3
DA:79,3
DA:80,3
DA:82,3
DA:83,1
DA:84,1
DA:87,4
DA:90,32
DA:91,15
DA:92,1
DA:93,1
DA:94,1
DA:95,1
DA:96,1
DA:97,1
LF:50
LH:50
BRDA:33,0,0,1
BRDA:33,0,1,1
BRDA:49,1,0,1
BRDA:49,1,1,7
BRDA:77,2,0,3
BRDA:77,2,1,1
BRDA:78,3,0,2
BRDA:78,3,1,1
BRDA:82,4,0,1
BRDA:82,4,1,2
BRDA:91,5,0,1
BRDA:91,5,1,14
BRDA:91,6,0,7
BRDA:91,6,1,8
BRDA:91,7,0,15
BRDA:91,7,1,15
BRDA:91,8,0,7
BRDA:91,8,1,8
BRDA:91,9,0,15
BRDA:91,9,1,15
BRDA:94,10,0,1
BRDA:94,10,1,0
BRF:22
BRH:21
end_of_record
TN:
SF:D:\mychessNew\server\src\ticTacToe\ticTacToe.module.ts
FNF:0
FNH:0
DA:1,32
DA:2,32
DA:5,32
DA:8,32
DA:9,32
DA:10,32
DA:13,32
DA:14,32
DA:17,32
DA:18,32
DA:19,32
DA:20,32
DA:23,32
DA:30,32
LF:14
LH:14
BRF:0
BRH:0
end_of_record
TN:
SF:D:\mychessNew\server\src\ticTacToe\ticTacToe.service.ts
FN:15,(anonymous_2)
FN:17,(anonymous_3)
FN:117,(anonymous_4)
FNF:3
FNH:3
FNDA:32,(anonymous_2)
FNDA:14,(anonymous_3)
FNDA:12,(anonymous_4)
DA:1,32
DA:3,32
DA:4,32
DA:5,32
DA:14,32
DA:15,32
DA:18,14
DA:19,14
DA:20,13
DA:21,121
DA:22,1681
DA:23,26
DA:25,26
DA:32,1
DA:33,1
DA:34,1
DA:39,1
DA:40,1
DA:41,1
DA:42,1
DA:43,1
DA:44,1
DA:45,1
DA:49,12
DA:50,155
DA:51,1541
DA:52,25
DA:54,25
DA:61,1
DA:62,1
DA:63,1
DA:68,1
DA:69,1
DA:70,1
DA:71,1
DA:72,1
DA:73,1
DA:74,1
DA:79,11
DA:80,75
DA:81,715
DA:82,12
DA:84,12
DA:96,4
DA:97,4
DA:98,4
DA:103,4
DA:104,4
DA:105,4
DA:106,4
DA:107,4
DA:108,4
DA:109,4
DA:113,7
DA:118,12
DA:119,12
DA:120,11
DA:121,11
DA:122,8
DA:123,8
DA:124,8
DA:125,8
DA:126,8
DA:127,8
DA:128,8
DA:129,3
DA:131,8
LF:67
LH:67
BRDA:19,0,0,13
BRDA:19,0,1,1
BRDA:22,1,0,26
BRDA:22,1,1,1655
BRDA:25,2,0,1
BRDA:25,2,1,25
BRDA:27,3,0,26
BRDA:27,3,1,3
BRDA:27,3,2,2
BRDA:27,3,3,1
BRDA:51,4,0,25
BRDA:51,4,1,1516
BRDA:54,5,0,1
BRDA:54,5,1,24
BRDA:56,6,0,25
BRDA:56,6,1,3
BRDA:56,6,2,2
BRDA:56,6,3,1
BRDA:81,7,0,12
BRDA:81,7,1,703
BRDA:84,8,0,4
BRDA:84,8,1,8
BRDA:86,9,0,12
BRDA:86,9,1,7
BRDA:86,9,2,6
BRDA:86,9,3,4
BRDA:86,9,4,9
BRDA:86,9,5,2
BRDA:86,9,6,1
BRDA:86,9,7,1
BRDA:119,10,0,11
BRDA:119,10,1,1
BRDA:120,11,0,6
BRDA:120,11,1,5
BRDA:121,12,0,8
BRDA:121,12,1,3
BRDA:121,13,0,11
BRDA:121,13,1,9
BRF:38
BRH:38
end_of_record
TN:
SF:D:\mychessNew\server\src\ticTacToe\ticTacToeBot.service.ts
FN:12,(anonymous_2)
FN:13,(anonymous_3)
FN:23,(anonymous_4)
FN:52,(anonymous_5)
FN:64,(anonymous_6)
FN:74,(anonymous_7)
FN:83,(anonymous_8)
FN:94,(anonymous_9)
FN:105,(anonymous_10)
FN:119,(anonymous_11)
FN:130,(anonymous_12)
FNF:11
FNH:11
FNDA:32,(anonymous_2)
FNDA:17,(anonymous_3)
FNDA:42756,(anonymous_4)
FNDA:3054,(anonymous_5)
FNDA:3054,(anonymous_6)
FNDA:3054,(anonymous_7)
FNDA:3054,(anonymous_8)
FNDA:3054,(anonymous_9)
FNDA:3054,(anonymous_10)
FNDA:3054,(anonymous_11)
FNDA:3054,(anonymous_12)
DA:1,32
DA:4,32
DA:11,32
DA:12,32
DA:14,17
DA:15,17
DA:16,16
DA:17,16
DA:18,16
DA:20,16
DA:21,224
DA:22,3136
DA:23,3054
DA:24,42756
DA:26,3054
DA:27,3054
DA:28,3054
DA:29,3054
DA:30,3054
DA:32,3054
DA:33,3054
DA:35,16
DA:36,16
DA:37,103
DA:38,21
DA:39,21
DA:40,21
DA:41,82
DA:42,54
DA:43,29
DA:44,29
DA:48,16
DA:53,3054
DA:54,3054
DA:56,3054
DA:57,50
DA:58,50
DA:61,3054
DA:65,3054
DA:67,3054
DA:68,29
DA:71,3054
DA:75,3054
DA:77,3054
DA:78,24
DA:81,3054
DA:84,3054
DA:85,3054
DA:86,3054
DA:87,52
DA:88,52
DA:91,3054
DA:95,3054
DA:96,3054
DA:97,3054
DA:98,18
DA:99,18
DA:102,3054
DA:106,3054
DA:107,3054
DA:108,3054
DA:110,3054
DA:111,39
DA:112,39
DA:113,39
DA:116,3054
DA:120,3054
DA:121,3054
DA:122,3054
DA:123,18
DA:124,18
DA:127,3054
DA:131,3054
DA:132,3054
DA:133,3054
DA:134,3054
DA:135,44
DA:136,44
DA:137,44
DA:140,3054
LF:80
LH:80
BRDA:15,0,0,16
BRDA:15,0,1,1
BRDA:22,1,0,3054
BRDA:22,1,1,82
BRDA:33,2,0,103
BRDA:33,2,1,2951
BRDA:37,3,0,21
BRDA:37,3,1,82
BRDA:41,4,0,54
BRDA:41,4,1,28
BRDA:42,5,0,29
BRDA:42,5,1,25
BRDA:42,6,0,54
BRDA:42,6,1,25
BRDA:42,6,2,25
BRDA:56,7,0,3104
BRDA:56,7,1,2891
BRDA:67,8,0,3083
BRDA:67,8,1,2874
BRDA:77,9,0,3078
BRDA:77,9,1,2861
BRDA:86,10,0,3106
BRDA:86,10,1,2893
BRDA:97,11,0,3072
BRDA:97,11,1,2865
BRDA:97,11,2,2661
BRDA:110,12,0,3093
BRDA:110,12,1,2882
BRDA:110,12,2,2687
BRDA:122,13,0,3072
BRDA:122,13,1,2859
BRDA:122,13,2,2659
BRDA:134,14,0,3098
BRDA:134,14,1,2892
BRDA:134,14,2,2693
BRF:35
BRH:35
end_of_record
TN:
SF:D:\mychessNew\server\src\ticTacToe\ticTacToeCommon.service.ts
FN:22,(anonymous_2)
FN:30,(anonymous_3)
FN:38,(anonymous_4)
FN:46,(anonymous_5)
FN:54,(anonymous_6)
FN:61,(anonymous_7)
FN:67,(anonymous_8)
FN:80,(anonymous_9)
FN:83,(anonymous_10)
FN:88,(anonymous_11)
FN:102,(anonymous_12)
FN:105,(anonymous_13)
FN:111,(anonymous_14)
FN:120,(anonymous_15)
FN:144,(anonymous_16)
FN:152,(anonymous_17)
FN:163,(anonymous_18)
FN:171,(anonymous_19)
FN:180,(anonymous_20)
FN:196,(anonymous_21)
FN:204,(anonymous_22)
FN:220,(anonymous_23)
FN:240,(anonymous_24)
FN:261,(anonymous_25)
FN:296,(anonymous_26)
FN:313,(anonymous_27)
FNF:26
FNH:26
FNDA:32,(anonymous_2)
FNDA:4,(anonymous_3)
FNDA:4,(anonymous_4)
FNDA:4,(anonymous_5)
FNDA:892,(anonymous_6)
FNDA:577,(anonymous_7)
FNDA:66,(anonymous_8)
FNDA:38,(anonymous_9)
FNDA:47,(anonymous_10)
FNDA:100,(anonymous_11)
FNDA:8,(anonymous_12)
FNDA:195,(anonymous_13)
FNDA:6,(anonymous_14)
FNDA:203,(anonymous_15)
FNDA:145,(anonymous_16)
FNDA:69,(anonymous_17)
FNDA:11,(anonymous_18)
FNDA:8,(anonymous_19)
FNDA:18,(anonymous_20)
FNDA:28,(anonymous_21)
FNDA:9,(anonymous_22)
FNDA:9,(anonymous_23)
FNDA:5,(anonymous_24)
FNDA:28,(anonymous_25)
FNDA:3,(anonymous_26)
FNDA:3,(anonymous_27)
DA:1,32
DA:3,32
DA:4,32
DA:5,32
DA:6,32
DA:7,32
DA:8,32
DA:9,32
DA:10,32
DA:11,32
DA:12,32
DA:21,32
DA:23,32
DA:24,32
DA:25,32
DA:26,32
DA:27,32
DA:31,4
DA:37,4
DA:38,4
DA:40,2
DA:45,2
DA:46,4
DA:48,2
DA:49,2
DA:51,2
DA:55,892
DA:56,892
DA:58,892
DA:62,577
DA:64,577
DA:68,66
DA:69,66
DA:70,62
DA:71,62
DA:72,62
DA:74,62
DA:75,62
DA:77,4
DA:81,38
DA:82,38
DA:83,47
DA:84,37
DA:89,100
DA:90,100
DA:91,100
DA:92,100
DA:93,100
DA:94,100
DA:95,69
DA:96,69
DA:99,100
DA:103,8
DA:104,8
DA:105,8
DA:106,195
DA:108,8
DA:112,6
DA:113,6
DA:114,5
DA:115,5
DA:116,5
DA:121,203
DA:123,203
DA:124,197
DA:126,197
DA:138,197
DA:139,197
DA:141,6
DA:145,145
DA:146,145
DA:147,144
DA:148,144
DA:153,69
DA:154,69
DA:155,69
DA:156,69
DA:157,69
DA:158,69
DA:160,69
DA:164,11
DA:166,11
DA:167,10
DA:168,3
DA:169,3
DA:170,7
DA:171,8
DA:172,6
DA:173,6
DA:174,6
DA:175,6
DA:181,18
DA:182,18
DA:183,17
DA:184,17
DA:185,17
DA:187,17
DA:188,17
DA:189,17
DA:190,17
DA:191,17
DA:192,17
DA:197,28
DA:198,28
DA:199,9
DA:200,9
DA:205,9
DA:206,9
DA:207,126
DA:208,1764
DA:209,4
DA:210,4
DA:211,4
DA:212,4
DA:213,4
DA:217,9
DA:221,9
DA:222,9
DA:223,9
DA:225,9
DA:226,9
DA:227,9
DA:228,9
DA:229,9
DA:230,9
DA:231,9
DA:232,9
DA:233,9
DA:235,9
DA:237,9
DA:241,5
DA:243,5
DA:244,4
DA:245,2
DA:246,2
DA:247,2
DA:248,2
DA:249,2
DA:250,2
DA:251,2
DA:252,2
DA:253,2
DA:255,2
DA:256,2
DA:262,28
DA:263,28
DA:265,28
DA:266,28
DA:269,28
DA:270,28
DA:271,28
DA:272,28
DA:273,28
DA:274,0
DA:275,0
DA:276,0
DA:279,28
DA:280,10
DA:281,10
DA:282,18
DA:283,15
DA:284,15
DA:285,3
DA:286,3
DA:287,3
DA:290,28
DA:297,3
DA:299,3
DA:300,2
DA:301,2
DA:303,2
DA:304,2
DA:306,2
DA:307,2
DA:309,2
DA:314,3
DA:315,3
DA:316,3
DA:318,3
DA:319,54
DA:320,54
DA:321,54
DA:322,54
DA:326,3
DA:327,2
DA:329,1
LF:186
LH:183
BRDA:37,0,0,2
BRDA:37,0,1,2
BRDA:46,1,0,4
BRDA:46,1,1,1
BRDA:69,2,0,62
BRDA:69,2,1,4
BRDA:69,3,0,66
BRDA:69,3,1,66
BRDA:69,3,2,62
BRDA:82,4,0,37
BRDA:82,4,1,1
BRDA:88,5,0,18
BRDA:94,6,0,69
BRDA:94,6,1,31
BRDA:113,7,0,5
BRDA:113,7,1,1
BRDA:123,8,0,197
BRDA:123,8,1,6
BRDA:123,9,0,203
BRDA:123,9,1,202
BRDA:123,9,2,198
BRDA:123,10,0,1
BRDA:123,10,1,202
BRDA:123,11,0,203
BRDA:123,11,1,202
BRDA:124,12,0,104
BRDA:124,12,1,93
BRDA:146,13,0,144
BRDA:146,13,1,1
BRDA:166,14,0,10
BRDA:166,14,1,1
BRDA:167,15,0,3
BRDA:167,15,1,7
BRDA:170,16,0,6
BRDA:170,16,1,1
BRDA:182,17,0,17
BRDA:182,17,1,1
BRDA:183,18,0,12
BRDA:183,18,1,5
BRDA:198,19,0,9
BRDA:198,19,1,19
BRDA:198,20,0,28
BRDA:198,20,1,28
BRDA:198,20,2,9
BRDA:208,21,0,4
BRDA:208,21,1,1760
BRDA:243,22,0,4
BRDA:243,22,1,1
BRDA:244,23,0,2
BRDA:244,23,1,2
BRDA:269,24,0,0
BRDA:269,24,1,28
BRDA:270,25,0,0
BRDA:270,25,1,28
BRDA:271,26,0,0
BRDA:271,26,1,28
BRDA:273,27,0,28
BRDA:273,27,1,0
BRDA:274,28,0,0
BRDA:274,28,1,0
BRDA:275,29,0,0
BRDA:275,29,1,0
BRDA:279,30,0,10
BRDA:279,30,1,18
BRDA:282,31,0,15
BRDA:282,31,1,3
BRDA:285,32,0,3
BRDA:285,32,1,0
BRDA:299,33,0,2
BRDA:299,33,1,1
BRDA:320,34,0,54
BRDA:320,34,1,0
BRDA:321,35,0,4
BRDA:321,35,1,50
BRDA:322,36,0,1
BRDA:322,36,1,53
BRDA:326,37,0,1
BRDA:326,37,1,2
BRDA:327,38,0,1
BRDA:327,38,1,1
BRF:80
BRH:70
end_of_record
TN:
SF:D:\mychessNew\server\src\ticTacToe\ticTacToeGateway.action.ts
FN:1,(anonymous_0)
FNF:1
FNH:1
FNDA:32,(anonymous_0)
DA:1,32
DA:2,32
DA:3,32
DA:4,32
DA:5,32
LF:5
LH:5
BRDA:1,0,0,32
BRDA:1,0,1,32
BRF:2
BRH:2
end_of_record
TN:
SF:D:\mychessNew\server\src\ticTacToe\dto\drawDto.ts
FNF:0
FNH:0
DA:1,32
DA:4,32
DA:10,32
DA:12,32
DA:14,32
DA:19,32
LF:6
LH:6
BRF:0
BRH:0
end_of_record
TN:
SF:D:\mychessNew\server\src\ticTacToe\dto\tttAddMoveDto.ts
FNF:0
FNH:0
DA:1,32
DA:4,32
DA:10,32
DA:12,32
DA:14,32
DA:19,32
LF:6
LH:6
BRF:0
BRH:0
end_of_record
TN:
SF:D:\mychessNew\server\src\ticTacToe\dto\tttRoomIdDto.ts
FNF:0
FNH:0
DA:1,32
DA:4,32
DA:10,32
DA:12,32
DA:14,32
DA:18,32
LF:6
LH:6
BRF:0
BRH:0
end_of_record
TN:
SF:D:\mychessNew\server\src\ticTacToe\entity\ticTacToe.entity.ts
FN:38,(anonymous_2)
FN:13,(anonymous_3)
FN:32,(anonymous_4)
FN:32,(anonymous_5)
FNF:4
FNH:4
FNDA:60,(anonymous_2)
FNDA:32,(anonymous_3)
FNDA:32,(anonymous_4)
FNDA:32,(anonymous_5)
DA:1,32
DA:4,32
DA:5,32
DA:6,32
DA:9,32
DA:11,32
DA:13,32
DA:15,32
DA:18,32
DA:21,32
DA:24,32
DA:27,32
DA:30,32
DA:32,32
DA:33,32
DA:36,32
DA:39,60
DA:40,60
LF:18
LH:18
BRF:0
BRH:0
end_of_record
TN:
SF:D:\mychessNew\server\src\ticTacToe\entity\ticTacToe.interface.ts
FN:18,(anonymous_0)
FN:24,(anonymous_1)
FNF:2
FNH:2
FNDA:32,(anonymous_0)
FNDA:32,(anonymous_1)
DA:18,32
DA:19,32
DA:20,32
DA:21,32
DA:24,32
DA:25,32
DA:26,32
DA:27,32
DA:28,32
LF:9
LH:9
BRDA:18,0,0,32
BRDA:18,0,1,32
BRDA:24,1,0,32
BRDA:24,1,1,32
BRF:4
BRH:4
end_of_record
TN:
SF:D:\mychessNew\server\src\ticTacToe\entity\ticTacToe.repository.ts
FN:10,(anonymous_1)
FN:11,(anonymous_2)
FNF:2
FNH:2
FNDA:32,(anonymous_1)
FNDA:2,(anonymous_2)
DA:1,32
DA:4,32
DA:7,32
DA:10,32
DA:11,32
DA:12,2
LF:6
LH:6
BRF:0
BRH:0
end_of_record
TN:
SF:D:\mychessNew\server\src\ticTacToe\entity\ticTacToeBoard.entity.ts
FN:20,(anonymous_0)
FNF:1
FNH:1
FNDA:100,(anonymous_0)
DA:2,32
DA:5,32
DA:7,32
DA:20,100
DA:21,100
DA:22,100
DA:39,100
DA:40,100
DA:41,100
DA:42,100
DA:43,100
LF:11
LH:11
BRDA:43,0,0,69
BRDA:43,0,1,31
BRF:2
BRH:2
end_of_record
TN:
SF:D:\mychessNew\server\src\ticTacToe\entity\ticTacToeMove.entity.ts
FN:21,(anonymous_2)
FN:21,(anonymous_3)
FNF:2
FNH:2
FNDA:32,(anonymous_2)
FNDA:32,(anonymous_3)
DA:1,32
DA:4,32
DA:5,32
DA:8,32
DA:10,32
DA:13,32
DA:16,32
DA:19,32
DA:21,32
DA:22,32
LF:10
LH:10
BRF:0
BRH:0
end_of_record
TN:
SF:D:\mychessNew\server\src\ticTacToe\entity\ticTacToeMove.repository.ts
FNF:0
FNH:0
DA:1,32
DA:4,32
DA:7,32
DA:10,32
LF:4
LH:4
BRF:0
BRH:0
end_of_record
TN:
SF:D:\mychessNew\server\src\user\admin.controller.ts
FN:21,(anonymous_4)
FN:25,(anonymous_5)
FN:33,(anonymous_6)
FN:43,(anonymous_7)
FNF:4
FNH:4
FNDA:32,(anonymous_4)
FNDA:1,(anonymous_5)
FNDA:3,(anonymous_6)
FNDA:3,(anonymous_7)
DA:1,32
DA:5,32
DA:6,32
DA:9,32
DA:10,32
DA:13,32
DA:16,32
DA:20,32
DA:21,32
DA:25,32
DA:26,1
DA:28,1
DA:33,32
DA:34,3
DA:35,3
DA:36,2
DA:38,2
DA:43,32
DA:44,3
DA:45,3
DA:46,2
DA:48,2
LF:22
LH:22
BRDA:35,0,0,1
BRDA:35,0,1,2
BRDA:45,1,0,1
BRDA:45,1,1,2
BRF:4
BRH:4
end_of_record
TN:
SF:D:\mychessNew\server\src\user\admin.service.ts
FN:15,(anonymous_2)
FN:21,(anonymous_3)
FN:33,(anonymous_4)
FN:40,(anonymous_5)
FNF:4
FNH:4
FNDA:32,(anonymous_2)
FNDA:4,(anonymous_3)
FNDA:4,(anonymous_4)
FNDA:2,(anonymous_5)
DA:1,32
DA:4,32
DA:7,32
DA:10,32
DA:14,32
DA:15,32
DA:22,4
DA:23,4
DA:24,4
DA:26,4
DA:34,4
DA:35,4
DA:36,4
DA:37,4
DA:41,2
DA:43,2
LF:16
LH:16
BRDA:22,0,0,2
BRDA:22,0,1,2
BRF:2
BRH:2
end_of_record
TN:
SF:D:\mychessNew\server\src\user\user.action.ts
FN:1,(anonymous_0)
FNF:1
FNH:1
FNDA:32,(anonymous_0)
DA:1,32
DA:2,32
LF:2
LH:2
BRDA:1,0,0,32
BRDA:1,0,1,32
BRF:2
BRH:2
end_of_record
TN:
SF:D:\mychessNew\server\src\user\user.controller.ts
FN:36,(anonymous_4)
FN:48,(anonymous_5)
FN:56,(anonymous_6)
FN:66,(anonymous_7)
FN:77,(anonymous_8)
FN:91,(anonymous_9)
FN:125,(anonymous_10)
FN:140,(anonymous_11)
FN:158,(anonymous_12)
FN:184,(anonymous_13)
FN:227,(anonymous_14)
FNF:11
FNH:11
FNDA:32,(anonymous_4)
FNDA:1,(anonymous_5)
FNDA:6,(anonymous_6)
FNDA:2,(anonymous_7)
FNDA:1,(anonymous_8)
FNDA:5,(anonymous_9)
FNDA:2,(anonymous_10)
FNDA:4,(anonymous_11)
FNDA:6,(anonymous_12)
FNDA:5,(anonymous_13)
FNDA:5,(anonymous_14)
DA:1,32
DA:2,32
DA:6,32
DA:7,32
DA:8,32
DA:9,32
DA:10,32
DA:11,32
DA:17,32
DA:19,32
DA:22,32
DA:23,32
DA:24,32
DA:25,32
DA:26,32
DA:27,32
DA:31,32
DA:32,32
DA:35,32
DA:37,32
DA:39,32
DA:40,32
DA:41,32
DA:42,32
DA:43,32
DA:48,32
DA:50,1
DA:52,1
DA:56,32
DA:58,6
DA:61,6
DA:62,6
DA:66,32
DA:68,2
DA:69,2
DA:71,1
DA:77,32
DA:79,1
DA:82,1
DA:83,1
DA:85,1
DA:91,32
DA:93,5
DA:96,4
DA:97,4
DA:98,1
DA:106,3
DA:107,3
DA:108,1
DA:111,2
DA:112,2
DA:113,1
DA:116,1
DA:117,1
DA:118,1
DA:120,1
DA:125,32
DA:127,2
DA:128,2
DA:129,2
DA:130,1
DA:133,1
DA:134,1
DA:136,1
DA:140,32
DA:142,4
DA:145,3
DA:146,3
DA:149,1
DA:150,1
DA:151,1
DA:152,1
DA:154,1
DA:158,32
DA:160,6
DA:163,5
DA:164,5
DA:167,3
DA:168,3
DA:169,1
DA:170,2
DA:171,1
DA:174,3
DA:175,3
DA:177,3
DA:184,32
DA:186,5
DA:187,5
DA:192,5
DA:193,1
DA:199,4
DA:200,4
DA:203,3
DA:204,3
DA:205,3
DA:210,3
DA:211,1
DA:217,2
DA:218,2
DA:219,2
DA:221,1
DA:227,32
DA:229,5
DA:230,5
DA:235,5
DA:236,1
DA:242,4
DA:243,4
DA:245,3
DA:246,3
DA:249,3
DA:254,3
DA:255,1
DA:261,2
DA:262,2
DA:263,2
DA:265,1
LF:117
LH:117
BRDA:69,0,0,1
BRDA:69,0,1,1
BRDA:93,1,0,1
BRDA:93,1,1,4
BRDA:97,2,0,1
BRDA:97,2,1,3
BRDA:107,3,0,1
BRDA:107,3,1,2
BRDA:112,4,0,1
BRDA:112,4,1,1
BRDA:129,5,0,1
BRDA:129,5,1,1
BRDA:142,6,0,1
BRDA:142,6,1,3
BRDA:146,7,0,2
BRDA:146,7,1,1
BRDA:160,8,0,1
BRDA:160,8,1,5
BRDA:164,9,0,2
BRDA:164,9,1,3
BRDA:168,10,0,1
BRDA:168,10,1,2
BRDA:170,11,0,1
BRDA:170,11,1,1
BRDA:192,12,0,1
BRDA:192,12,1,4
BRDA:200,13,0,1
BRDA:200,13,1,3
BRDA:210,14,0,1
BRDA:210,14,1,2
BRDA:219,15,0,1
BRDA:219,15,1,1
BRDA:235,16,0,1
BRDA:235,16,1,4
BRDA:243,17,0,1
BRDA:243,17,1,3
BRDA:254,18,0,1
BRDA:254,18,1,2
BRDA:263,19,0,1
BRDA:263,19,1,1
BRF:40
BRH:40
end_of_record
TN:
SF:D:\mychessNew\server\src\user\user.gateway.ts
FN:10,(anonymous_4)
FN:14,(anonymous_5)
FN:18,(anonymous_6)
FNF:3
FNH:3
FNDA:32,(anonymous_4)
FNDA:1,(anonymous_5)
FNDA:1,(anonymous_6)
DA:1,32
DA:2,32
DA:3,32
DA:4,32
DA:5,32
DA:7,32
DA:10,32
DA:12,32
DA:14,32
DA:18,32
DA:19,1
DA:21,1
LF:12
LH:12
BRF:0
BRH:0
end_of_record
TN:
SF:D:\mychessNew\server\src\user\user.module.ts
FN:31,(anonymous_1)
FNF:1
FNH:1
FNDA:96,(anonymous_1)
DA:1,32
DA:2,32
DA:5,32
DA:6,32
DA:9,32
DA:12,32
DA:13,32
DA:16,32
DA:17,32
DA:18,32
DA:19,32
DA:22,32
DA:23,32
DA:26,32
DA:31,96
DA:42,32
LF:16
LH:16
BRF:0
BRH:0
end_of_record
TN:
SF:D:\mychessNew\server\src\user\user.service.ts
FN:17,(anonymous_2)
FN:19,(anonymous_3)
FN:25,(anonymous_4)
FN:28,(anonymous_5)
FN:32,(anonymous_6)
FN:36,(anonymous_7)
FN:50,(anonymous_8)
FNF:7
FNH:7
FNDA:32,(anonymous_2)
FNDA:4,(anonymous_3)
FNDA:66,(anonymous_4)
FNDA:33,(anonymous_5)
FNDA:25,(anonymous_6)
FNDA:10,(anonymous_7)
FNDA:83,(anonymous_8)
DA:1,32
DA:4,32
DA:10,32
DA:13,32
DA:16,32
DA:17,32
DA:20,4
DA:21,4
DA:22,2
DA:26,66
DA:29,33
DA:33,25
DA:37,10
DA:44,10
DA:45,10
DA:47,10
DA:51,83
DA:52,83
DA:53,83
LF:19
LH:19
BRDA:21,0,0,2
BRDA:21,0,1,2
BRF:2
BRH:2
end_of_record
TN:
SF:D:\mychessNew\server\src\user\dto\changePassword.dto.ts
FNF:0
FNH:0
DA:1,32
DA:4,32
DA:10,32
DA:12,32
DA:14,32
DA:20,32
LF:6
LH:6
BRF:0
BRH:0
end_of_record
TN:
SF:D:\mychessNew\server\src\user\dto\resetPassword.dto.ts
FNF:0
FNH:0
DA:1,32
DA:4,32
DA:10,32
DA:12,32
DA:14,32
DA:19,32
LF:6
LH:6
BRF:0
BRH:0
end_of_record
TN:
SF:D:\mychessNew\server\src\user\dto\searchUsers.ts
FNF:0
FNH:0
DA:1,32
DA:3,32
DA:9,32
LF:3
LH:3
BRF:0
BRH:0
end_of_record
TN:
SF:D:\mychessNew\server\src\user\dto\updateBasicUser.dto.ts
FNF:0
FNH:0
DA:1,32
DA:4,32
DA:10,32
DA:12,32
DA:14,32
DA:18,32
LF:6
LH:6
BRF:0
BRH:0
end_of_record
TN:
SF:D:\mychessNew\server\src\user\dto\updateEmail.dto.ts
FNF:0
FNH:0
DA:1,32
DA:4,32
DA:10,32
DA:12,32
DA:14,32
DA:18,32
LF:6
LH:6
BRF:0
BRH:0
end_of_record
TN:
SF:D:\mychessNew\server\src\user\dto\userCustom.dto.ts
FN:4,(anonymous_0)
FNF:1
FNH:1
FNDA:2,(anonymous_0)
DA:3,32
DA:5,2
DA:6,2
DA:7,2
DA:8,2
DA:9,2
DA:10,2
DA:11,2
DA:12,2
LF:9
LH:9
BRF:0
BRH:0
end_of_record
TN:
SF:D:\mychessNew\server\src\user\entities\user.entity.ts
FN:51,(anonymous_2)
FN:51,(anonymous_3)
FNF:2
FNH:2
FNDA:32,(anonymous_2)
FNDA:32,(anonymous_3)
DA:1,32
DA:4,32
DA:5,32
DA:8,32
DA:10,32
DA:13,32
DA:16,32
DA:19,32
DA:22,32
DA:25,32
DA:28,32
DA:31,32
DA:34,32
DA:37,32
DA:40,32
DA:43,32
DA:46,32
DA:49,32
DA:51,32
DA:52,32
DA:55,32
LF:21
LH:21
BRF:0
BRH:0
end_of_record
TN:
SF:D:\mychessNew\server\src\user\entities\user.repository.ts
FNF:0
FNH:0
DA:1,32
DA:4,32
DA:7,32
DA:10,32
LF:4
LH:4
BRF:0
BRH:0
end_of_record
TN:
SF:D:\mychessNew\server\src\user\entities\user.userRole.enum.ts
FN:1,(anonymous_0)
FNF:1
FNH:1
FNDA:32,(anonymous_0)
DA:1,32
DA:2,32
DA:3,32
LF:3
LH:3
BRDA:1,0,0,32
BRDA:1,0,1,32
BRF:2
BRH:2
end_of_record
TN:
SF:D:\mychessNew\server\src\utils\locales\locales.service.ts
FN:14,(anonymous_0)
FN:23,(anonymous_1)
FN:40,(anonymous_2)
FNF:3
FNH:3
FNDA:101,(anonymous_0)
FNDA:223,(anonymous_1)
FNDA:4,(anonymous_2)
DA:1,34
DA:8,34
DA:15,101
DA:17,99
DA:24,223
DA:29,223
DA:30,102
DA:31,101
DA:34,221
DA:41,4
DA:42,6
DA:44,4
LF:12
LH:12
BRDA:29,0,0,102
BRDA:29,0,1,121
BRF:2
BRH:2
end_of_record
TN:
SF:D:\mychessNew\server\src\utils\redis\redis.module.ts
FN:17,(anonymous_1)
FNF:1
FNH:1
FNDA:32,(anonymous_1)
DA:1,32
DA:2,32
DA:5,32
DA:8,32
DA:18,32
DA:19,32
DA:20,32
DA:21,32
DA:27,32
LF:9
LH:9
BRDA:18,0,0,32
BRDA:18,0,1,1
BRDA:19,1,0,32
BRDA:19,1,1,32
BRDA:20,2,0,32
BRDA:20,2,1,1
BRF:6
BRH:6
end_of_record
TN:
SF:D:\mychessNew\server\src\utils\redis\redis.service.ts
FN:10,(anonymous_4)
FN:16,(anonymous_5)
FN:20,(anonymous_6)
FN:21,(anonymous_7)
FN:32,(anonymous_8)
FN:33,(anonymous_9)
FN:34,(anonymous_10)
FN:44,(anonymous_11)
FN:45,(anonymous_12)
FN:46,(anonymous_13)
FN:62,(anonymous_14)
FN:63,(anonymous_15)
FN:64,(anonymous_16)
FN:75,(anonymous_17)
FN:76,(anonymous_18)
FN:77,(anonymous_19)
FN:88,(anonymous_20)
FN:89,(anonymous_21)
FN:90,(anonymous_22)
FNF:19
FNH:19
FNDA:33,(anonymous_4)
FNDA:2674,(anonymous_5)
FNDA:2674,(anonymous_6)
FNDA:2674,(anonymous_7)
FNDA:90,(anonymous_8)
FNDA:90,(anonymous_9)
FNDA:90,(anonymous_10)
FNDA:4166,(anonymous_11)
FNDA:4166,(anonymous_12)
FNDA:4166,(anonymous_13)
FNDA:336,(anonymous_14)
FNDA:336,(anonymous_15)
FNDA:336,(anonymous_16)
FNDA:256,(anonymous_17)
FNDA:256,(anonymous_18)
FNDA:256,(anonymous_19)
FNDA:18,(anonymous_20)
FNDA:18,(anonymous_21)
FNDA:18,(anonymous_22)
DA:1,32
DA:2,32
DA:3,32
DA:6,32
DA:9,32
DA:10,33
DA:17,2674
DA:18,2674
DA:20,2674
DA:21,2674
DA:22,2674
DA:23,0
DA:24,0
DA:26,2674
DA:27,2674
DA:33,90
DA:34,90
DA:35,90
DA:36,0
DA:37,0
DA:39,90
DA:45,4166
DA:46,4166
DA:47,4166
DA:48,0
DA:49,0
DA:52,4166
DA:53,4166
DA:63,336
DA:64,336
DA:65,336
DA:66,0
DA:67,0
DA:69,336
DA:70,336
DA:76,256
DA:77,256
DA:78,256
DA:79,0
DA:80,0
DA:83,256
DA:89,18
DA:90,18
DA:91,18
DA:92,0
DA:93,0
DA:96,18
LF:47
LH:35
BRDA:22,0,0,0
BRDA:22,0,1,2674
BRDA:26,1,0,2669
BRDA:26,1,1,5
BRDA:35,2,0,0
BRDA:35,2,1,90
BRDA:47,3,0,0
BRDA:47,3,1,4166
BRDA:65,4,0,0
BRDA:65,4,1,336
BRDA:69,5,0,329
BRDA:69,5,1,7
BRDA:78,6,0,0
BRDA:78,6,1,256
BRDA:91,7,0,0
BRDA:91,7,1,18
BRF:16
BRH:10
end_of_record
